[0.085s] Invoking command in '/home/gina/mei/slam/build/orbslam3': CMAKE_PREFIX_PATH=${CMAKE_PREFIX_PATH}:/opt/ros/humble /usr/bin/cmake --build /home/gina/mei/slam/build/orbslam3 -- -j24 -l24
[0.138s] [35m[1mConsolidate compiler generated dependencies of target rgbd[0m
[0.157s] [  8%] [32m[1mLinking CXX executable mono[0m
[0.157s] [ 25%] [32m[1mLinking CXX executable stereo-inertial[0m
[0.157s] [ 25%] [32m[1mLinking CXX executable stereo[0m
[0.177s] [ 33%] [32m[1mLinking CXX executable rgbd[0m
[1.249s] [ 50%] Built target mono
[1.374s] [ 66%] Built target stereo
[1.381s] [ 83%] Built target rgbd
[1.487s] [100%] Built target stereo-inertial
[1.500s] Invoked command in '/home/gina/mei/slam/build/orbslam3' returned '0': CMAKE_PREFIX_PATH=${CMAKE_PREFIX_PATH}:/opt/ros/humble /usr/bin/cmake --build /home/gina/mei/slam/build/orbslam3 -- -j24 -l24
[1.557s] Invoking command in '/home/gina/mei/slam/build/orbslam3': CMAKE_PREFIX_PATH=${CMAKE_PREFIX_PATH}:/opt/ros/humble /usr/bin/cmake --install /home/gina/mei/slam/build/orbslam3
[1.566s] -- Install configuration: ""
[1.566s] -- Execute custom install script
[1.567s] -- Up-to-date symlink: /home/gina/mei/slam/install/orbslam3/lib/orbslam3/mono
[1.567s] -- Up-to-date symlink: /home/gina/mei/slam/install/orbslam3/lib/orbslam3/rgbd
[1.567s] -- Up-to-date symlink: /home/gina/mei/slam/install/orbslam3/lib/orbslam3/stereo
[1.567s] -- Up-to-date symlink: /home/gina/mei/slam/install/orbslam3/lib/orbslam3/stereo-inertial
[1.568s] -- Up-to-date symlink: /home/gina/mei/slam/install/orbslam3/share/ament_index/resource_index/package_run_dependencies/orbslam3
[1.568s] -- Up-to-date symlink: /home/gina/mei/slam/install/orbslam3/share/ament_index/resource_index/parent_prefix_path/orbslam3
[1.568s] -- Up-to-date symlink: /home/gina/mei/slam/install/orbslam3/share/orbslam3/environment/ament_prefix_path.sh
[1.568s] -- Up-to-date symlink: /home/gina/mei/slam/install/orbslam3/share/orbslam3/environment/ament_prefix_path.dsv
[1.568s] -- Up-to-date symlink: /home/gina/mei/slam/install/orbslam3/share/orbslam3/environment/path.sh
[1.568s] -- Up-to-date symlink: /home/gina/mei/slam/install/orbslam3/share/orbslam3/environment/path.dsv
[1.569s] -- Up-to-date symlink: /home/gina/mei/slam/install/orbslam3/share/orbslam3/local_setup.bash
[1.569s] -- Up-to-date symlink: /home/gina/mei/slam/install/orbslam3/share/orbslam3/local_setup.sh
[1.569s] -- Up-to-date symlink: /home/gina/mei/slam/install/orbslam3/share/orbslam3/local_setup.zsh
[1.569s] -- Up-to-date symlink: /home/gina/mei/slam/install/orbslam3/share/orbslam3/local_setup.dsv
[1.569s] -- Symlinking: /home/gina/mei/slam/install/orbslam3/share/orbslam3/package.dsv
[1.579s] -- Up-to-date symlink: /home/gina/mei/slam/install/orbslam3/share/ament_index/resource_index/packages/orbslam3
[1.579s] -- Up-to-date symlink: /home/gina/mei/slam/install/orbslam3/share/orbslam3/cmake/orbslam3Config.cmake
[1.579s] -- Up-to-date symlink: /home/gina/mei/slam/install/orbslam3/share/orbslam3/cmake/orbslam3Config-version.cmake
[1.579s] -- Up-to-date symlink: /home/gina/mei/slam/install/orbslam3/share/orbslam3/package.xml
[1.581s] Invoked command in '/home/gina/mei/slam/build/orbslam3' returned '0': CMAKE_PREFIX_PATH=${CMAKE_PREFIX_PATH}:/opt/ros/humble /usr/bin/cmake --install /home/gina/mei/slam/build/orbslam3
