[0.094s] Invoking command in '/home/gina/mei/slam/build/orbslam3': CMAKE_PREFIX_PATH=${CMAKE_PREFIX_PATH}:/opt/ros/humble /usr/bin/cmake --build /home/gina/mei/slam/build/orbslam3 -- -j24 -l24
[0.186s] [35m[1mConsolidate compiler generated dependencies of target rgbd-inertial[0m
[0.200s] [ 20%] Built target mono
[0.201s] [ 40%] Built target stereo
[0.201s] [ 60%] Built target rgbd
[0.203s] [ 80%] Built target stereo-inertial
[0.225s] [100%] Built target rgbd-inertial
[0.237s] Invoked command in '/home/gina/mei/slam/build/orbslam3' returned '0': CMAKE_PREFIX_PATH=${CMAKE_PREFIX_PATH}:/opt/ros/humble /usr/bin/cmake --build /home/gina/mei/slam/build/orbslam3 -- -j24 -l24
[0.297s] Invoking command in '/home/gina/mei/slam/build/orbslam3': CMAKE_PREFIX_PATH=${CMAKE_PREFIX_PATH}:/opt/ros/humble /usr/bin/cmake --install /home/gina/mei/slam/build/orbslam3
[0.305s] -- Install configuration: ""
[0.307s] -- Execute custom install script
[0.308s] -- Up-to-date symlink: /home/gina/mei/slam/install/orbslam3/lib/orbslam3/mono
[0.308s] -- Up-to-date symlink: /home/gina/mei/slam/install/orbslam3/lib/orbslam3/rgbd
[0.308s] -- Up-to-date symlink: /home/gina/mei/slam/install/orbslam3/lib/orbslam3/rgbd-inertial
[0.308s] -- Up-to-date symlink: /home/gina/mei/slam/install/orbslam3/lib/orbslam3/stereo
[0.308s] -- Up-to-date symlink: /home/gina/mei/slam/install/orbslam3/lib/orbslam3/stereo-inertial
[0.309s] -- Up-to-date symlink: /home/gina/mei/slam/install/orbslam3/share/ament_index/resource_index/package_run_dependencies/orbslam3
[0.309s] -- Up-to-date symlink: /home/gina/mei/slam/install/orbslam3/share/ament_index/resource_index/parent_prefix_path/orbslam3
[0.309s] -- Up-to-date symlink: /home/gina/mei/slam/install/orbslam3/share/orbslam3/environment/ament_prefix_path.sh
[0.309s] -- Up-to-date symlink: /home/gina/mei/slam/install/orbslam3/share/orbslam3/environment/ament_prefix_path.dsv
[0.309s] -- Up-to-date symlink: /home/gina/mei/slam/install/orbslam3/share/orbslam3/environment/path.sh
[0.309s] -- Up-to-date symlink: /home/gina/mei/slam/install/orbslam3/share/orbslam3/environment/path.dsv
[0.309s] -- Up-to-date symlink: /home/gina/mei/slam/install/orbslam3/share/orbslam3/local_setup.bash
[0.310s] -- Up-to-date symlink: /home/gina/mei/slam/install/orbslam3/share/orbslam3/local_setup.sh
[0.310s] -- Up-to-date symlink: /home/gina/mei/slam/install/orbslam3/share/orbslam3/local_setup.zsh
[0.310s] -- Up-to-date symlink: /home/gina/mei/slam/install/orbslam3/share/orbslam3/local_setup.dsv
[0.310s] -- Symlinking: /home/gina/mei/slam/install/orbslam3/share/orbslam3/package.dsv
[0.320s] -- Up-to-date symlink: /home/gina/mei/slam/install/orbslam3/share/ament_index/resource_index/packages/orbslam3
[0.320s] -- Up-to-date symlink: /home/gina/mei/slam/install/orbslam3/share/orbslam3/cmake/orbslam3Config.cmake
[0.320s] -- Up-to-date symlink: /home/gina/mei/slam/install/orbslam3/share/orbslam3/cmake/orbslam3Config-version.cmake
[0.320s] -- Up-to-date symlink: /home/gina/mei/slam/install/orbslam3/share/orbslam3/package.xml
[0.323s] Invoked command in '/home/gina/mei/slam/build/orbslam3' returned '0': CMAKE_PREFIX_PATH=${CMAKE_PREFIX_PATH}:/opt/ros/humble /usr/bin/cmake --install /home/gina/mei/slam/build/orbslam3
