[0.065s] Invoking command in '/home/gina/mei/slam/build/orbslam3': CMAKE_PREFIX_PATH=/opt/ros/humble /usr/bin/cmake --build /home/gina/mei/slam/build/orbslam3 -- -j24 -l24
[0.113s] [35m[1mConsolidate compiler generated dependencies of target mono[0m
[0.114s] [35m[1mConsolidate compiler generated dependencies of target stereo[0m
[0.114s] [35m[1mConsolidate compiler generated dependencies of target rgbd[0m
[0.114s] [35m[1mConsolidate compiler generated dependencies of target stereo-inertial[0m
[0.155s] [  8%] [32m[1mLinking CXX executable mono[0m
[0.156s] [ 16%] [32m[1mLinking CXX executable rgbd[0m
[0.156s] [ 33%] [32m[1mLinking CXX executable stereo-inertial[0m
[0.156s] [ 33%] [32m[1mLinking CXX executable stereo[0m
[1.203s] /usr/bin/ld: /home/gina/mei/ORB_SLAM3/lib/libORB_SLAM3.so: undefined reference to `DUtils::Random::SeedRandOnce()'
[1.212s] /usr/bin/ld: /home/gina/mei/ORB_SLAM3/lib/libORB_SLAM3.so: undefined reference to `DUtils::Random::RandomInt(int, int)'
[1.215s] /usr/bin/ld: /home/gina/mei/ORB_SLAM3/lib/libORB_SLAM3.so: undefined reference to `DUtils::Random::SeedRandOnce(int)'
[1.216s] /usr/bin/ld: /home/gina/mei/ORB_SLAM3/lib/libORB_SLAM3.so: undefined reference to `DBoW2::FORB::L'
[1.250s] collect2: error: ld returned 1 exit status
[1.252s] gmake[2]: *** [CMakeFiles/mono.dir/build.make:268: mono] Error 1
[1.252s] gmake[1]: *** [CMakeFiles/Makefile2:143: CMakeFiles/mono.dir/all] Error 2
[1.252s] gmake[1]: *** Waiting for unfinished jobs....
[1.303s] /usr/bin/ld: /home/gina/mei/ORB_SLAM3/lib/libORB_SLAM3.so: undefined reference to `DUtils::Random::SeedRandOnce()'
[1.306s] /usr/bin/ld: /home/gina/mei/ORB_SLAM3/lib/libORB_SLAM3.so: undefined reference to `DUtils::Random::SeedRandOnce()'
[1.314s] /usr/bin/ld: /home/gina/mei/ORB_SLAM3/lib/libORB_SLAM3.so: undefined reference to `DUtils::Random::RandomInt(int, int)'
[1.316s] /usr/bin/ld: /home/gina/mei/ORB_SLAM3/lib/libORB_SLAM3.so: undefined reference to `DUtils::Random::RandomInt(int, int)'
[1.317s] /usr/bin/ld: /home/gina/mei/ORB_SLAM3/lib/libORB_SLAM3.so: undefined reference to `DUtils::Random::SeedRandOnce(int)'
[1.319s] /usr/bin/ld: /home/gina/mei/ORB_SLAM3/lib/libORB_SLAM3.so: undefined reference to `DBoW2::FORB::L'
[1.319s] /usr/bin/ld: /home/gina/mei/ORB_SLAM3/lib/libORB_SLAM3.so: undefined reference to `DUtils::Random::SeedRandOnce(int)'
[1.321s] /usr/bin/ld: /home/gina/mei/ORB_SLAM3/lib/libORB_SLAM3.so: undefined reference to `DBoW2::FORB::L'
[1.358s] collect2: error: ld returned 1 exit status
[1.359s] collect2: error: ld returned 1 exit status
[1.360s] gmake[2]: *** [CMakeFiles/rgbd.dir/build.make:269: rgbd] Error 1
[1.360s] gmake[1]: *** [CMakeFiles/Makefile2:169: CMakeFiles/rgbd.dir/all] Error 2
[1.362s] gmake[2]: *** [CMakeFiles/stereo.dir/build.make:269: stereo] Error 1
[1.362s] gmake[1]: *** [CMakeFiles/Makefile2:195: CMakeFiles/stereo.dir/all] Error 2
[1.416s] /usr/bin/ld: /home/gina/mei/ORB_SLAM3/lib/libORB_SLAM3.so: undefined reference to `DUtils::Random::SeedRandOnce()'
[1.427s] /usr/bin/ld: /home/gina/mei/ORB_SLAM3/lib/libORB_SLAM3.so: undefined reference to `DUtils::Random::RandomInt(int, int)'
[1.430s] /usr/bin/ld: /home/gina/mei/ORB_SLAM3/lib/libORB_SLAM3.so: undefined reference to `DUtils::Random::SeedRandOnce(int)'
[1.432s] /usr/bin/ld: /home/gina/mei/ORB_SLAM3/lib/libORB_SLAM3.so: undefined reference to `DBoW2::FORB::L'
[1.473s] collect2: error: ld returned 1 exit status
[1.475s] gmake[2]: *** [CMakeFiles/stereo-inertial.dir/build.make:268: stereo-inertial] Error 1
[1.476s] gmake[1]: *** [CMakeFiles/Makefile2:221: CMakeFiles/stereo-inertial.dir/all] Error 2
[1.476s] gmake: *** [Makefile:146: all] Error 2
[1.479s] Invoked command in '/home/gina/mei/slam/build/orbslam3' returned '2': CMAKE_PREFIX_PATH=/opt/ros/humble /usr/bin/cmake --build /home/gina/mei/slam/build/orbslam3 -- -j24 -l24
