-- Found ament_cmake: 1.3.6 (/opt/ros/humble/share/ament_cmake/cmake)
-- Override CMake install command with custom implementation using symlinks instead of copying resources
-- Found rclcpp: 16.0.7 (/opt/ros/humble/share/rclcpp/cmake)
-- Found rosidl_generator_c: 3.1.5 (/opt/ros/humble/share/rosidl_generator_c/cmake)
-- Found rosidl_adapter: 3.1.5 (/opt/ros/humble/share/rosidl_adapter/cmake)
-- Found rosidl_generator_cpp: 3.1.5 (/opt/ros/humble/share/rosidl_generator_cpp/cmake)
-- Using all available rosidl_typesupport_c: rosidl_typesupport_fastrtps_c;rosidl_typesupport_introspection_c
-- Using all available rosidl_typesupport_cpp: rosidl_typesupport_fastrtps_cpp;rosidl_typesupport_introspection_cpp
-- Found rmw_implementation_cmake: 6.1.1 (/opt/ros/humble/share/rmw_implementation_cmake/cmake)
-- Found rmw_cyclonedds_cpp: 1.3.4 (/opt/ros/humble/share/rmw_cyclonedds_cpp/cmake)
-- Using RMW implementation 'rmw_cyclonedds_cpp' as default
-- Found sensor_msgs: 4.2.3 (/opt/ros/humble/share/sensor_msgs/cmake)
-- Found cv_bridge: 3.2.1 (/opt/ros/humble/share/cv_bridge/cmake)
-- Found message_filters: 4.3.3 (/opt/ros/humble/share/message_filters/cmake)
-- Configuring done
-- Generating done
-- Build files have been written to: /home/gina/mei/slam/build/orbslam3
[35m[1mConsolidate compiler generated dependencies of target mono[0m
[35m[1mConsolidate compiler generated dependencies of target stereo[0m
[35m[1mConsolidate compiler generated dependencies of target rgbd[0m
[35m[1mConsolidate compiler generated dependencies of target stereo-inertial[0m
[  8%] [32m[1mLinking CXX executable mono[0m
[ 33%] [32m[1mLinking CXX executable stereo[0m
[ 33%] [32m[1mLinking CXX executable stereo-inertial[0m
[ 33%] [32m[1mLinking CXX executable rgbd[0m
/usr/bin/ld: /home/gina/mei/ORB_SLAM3/lib/libORB_SLAM3.so: undefined reference to `DUtils::Random::SeedRandOnce()'
/usr/bin/ld: /home/gina/mei/ORB_SLAM3/lib/libORB_SLAM3.so: undefined reference to `DUtils::Random::RandomInt(int, int)'
/usr/bin/ld: /home/gina/mei/ORB_SLAM3/lib/libORB_SLAM3.so: undefined reference to `DUtils::Random::SeedRandOnce(int)'
/usr/bin/ld: /home/gina/mei/ORB_SLAM3/lib/libORB_SLAM3.so: undefined reference to `DBoW2::FORB::L'
collect2: error: ld returned 1 exit status
gmake[2]: *** [CMakeFiles/mono.dir/build.make:271: mono] Error 1
gmake[1]: *** [CMakeFiles/Makefile2:143: CMakeFiles/mono.dir/all] Error 2
gmake[1]: *** Waiting for unfinished jobs....
/usr/bin/ld: /home/gina/mei/ORB_SLAM3/lib/libORB_SLAM3.so: undefined reference to `DUtils::Random::SeedRandOnce()'
/usr/bin/ld: /home/gina/mei/ORB_SLAM3/lib/libORB_SLAM3.so: undefined reference to `DUtils::Random::RandomInt(int, int)'
/usr/bin/ld: /home/gina/mei/ORB_SLAM3/lib/libORB_SLAM3.so: undefined reference to `DUtils::Random::SeedRandOnce()'
/usr/bin/ld: /home/gina/mei/ORB_SLAM3/lib/libORB_SLAM3.so: undefined reference to `DUtils::Random::SeedRandOnce(int)'
/usr/bin/ld: /home/gina/mei/ORB_SLAM3/lib/libORB_SLAM3.so: undefined reference to `DBoW2::FORB::L'
/usr/bin/ld: /home/gina/mei/ORB_SLAM3/lib/libORB_SLAM3.so: undefined reference to `DUtils::Random::RandomInt(int, int)'
/usr/bin/ld: /home/gina/mei/ORB_SLAM3/lib/libORB_SLAM3.so: undefined reference to `DUtils::Random::SeedRandOnce(int)'
/usr/bin/ld: /home/gina/mei/ORB_SLAM3/lib/libORB_SLAM3.so: undefined reference to `DBoW2::FORB::L'
collect2: error: ld returned 1 exit status
gmake[2]: *** [CMakeFiles/stereo.dir/build.make:269: stereo] Error 1
gmake[1]: *** [CMakeFiles/Makefile2:195: CMakeFiles/stereo.dir/all] Error 2
collect2: error: ld returned 1 exit status
gmake[2]: *** [CMakeFiles/rgbd.dir/build.make:269: rgbd] Error 1
gmake[1]: *** [CMakeFiles/Makefile2:169: CMakeFiles/rgbd.dir/all] Error 2
/usr/bin/ld: /home/gina/mei/ORB_SLAM3/lib/libORB_SLAM3.so: undefined reference to `DUtils::Random::SeedRandOnce()'
/usr/bin/ld: /home/gina/mei/ORB_SLAM3/lib/libORB_SLAM3.so: undefined reference to `DUtils::Random::RandomInt(int, int)'
/usr/bin/ld: /home/gina/mei/ORB_SLAM3/lib/libORB_SLAM3.so: undefined reference to `DUtils::Random::SeedRandOnce(int)'
/usr/bin/ld: /home/gina/mei/ORB_SLAM3/lib/libORB_SLAM3.so: undefined reference to `DBoW2::FORB::L'
collect2: error: ld returned 1 exit status
gmake[2]: *** [CMakeFiles/stereo-inertial.dir/build.make:268: stereo-inertial] Error 1
gmake[1]: *** [CMakeFiles/Makefile2:221: CMakeFiles/stereo-inertial.dir/all] Error 2
gmake: *** [Makefile:146: all] Error 2
