[1.644s] DEBUG:colcon:Command line arguments: ['/usr/bin/colcon', 'build', '--packages-select', 'orbslam3']
[1.644s] DEBUG:colcon:Parsed command line arguments: Namespace(log_base=None, log_level=None, verb_name='build', build_base='build', install_base='install', merge_install=False, symlink_install=False, test_result_base=None, continue_on_error=False, executor='parallel', parallel_workers=24, event_handlers=None, ignore_user_meta=False, metas=['./colcon.meta'], base_paths=['.'], packages_ignore=None, packages_ignore_regex=None, paths=None, packages_up_to=None, packages_up_to_regex=None, packages_above=None, packages_above_and_dependencies=None, packages_above_depth=None, packages_select_by_dep=None, packages_skip_by_dep=None, packages_skip_up_to=None, packages_select_build_failed=False, packages_skip_build_finished=False, packages_select_test_failures=False, packages_skip_test_passed=False, packages_select=['orbslam3'], packages_skip=None, packages_select_regex=None, packages_skip_regex=None, packages_start=None, packages_end=None, allow_overriding=[], cmake_args=None, cmake_target=None, cmake_target_skip_unavailable=False, cmake_clean_cache=False, cmake_clean_first=False, cmake_force_configure=False, ament_cmake_args=None, catkin_cmake_args=None, catkin_skip_building_tests=False, mixin_files=None, mixin=None, verb_parser=<colcon_mixin.mixin.mixin_argument.MixinArgumentDecorator object at 0x7fea0ab724d0>, verb_extension=<colcon_core.verb.build.BuildVerb object at 0x7fea0acaccd0>, main=<bound method BuildVerb.main of <colcon_core.verb.build.BuildVerb object at 0x7fea0acaccd0>>, mixin_verb=('build',))
[1.723s] Level 1:colcon.colcon_core.package_discovery:discover_packages(colcon_meta) check parameters
[1.723s] Level 1:colcon.colcon_core.package_discovery:discover_packages(recursive) check parameters
[1.723s] Level 1:colcon.colcon_core.package_discovery:discover_packages(ignore) check parameters
[1.723s] Level 1:colcon.colcon_core.package_discovery:discover_packages(path) check parameters
[1.723s] Level 1:colcon.colcon_core.package_discovery:discover_packages(colcon_meta) discover
[1.723s] Level 1:colcon.colcon_core.package_discovery:discover_packages(recursive) discover
[1.723s] INFO:colcon.colcon_core.package_discovery:Crawling recursively for packages in '/home/gina/mei/slam'
[1.724s] Level 1:colcon.colcon_core.package_identification:_identify(.) by extensions ['ignore', 'ignore_ament_install']
[1.724s] Level 1:colcon.colcon_core.package_identification:_identify(.) by extension 'ignore'
[1.724s] Level 1:colcon.colcon_core.package_identification:_identify(.) by extension 'ignore_ament_install'
[1.724s] Level 1:colcon.colcon_core.package_identification:_identify(.) by extensions ['colcon_pkg']
[1.724s] Level 1:colcon.colcon_core.package_identification:_identify(.) by extension 'colcon_pkg'
[1.724s] Level 1:colcon.colcon_core.package_identification:_identify(.) by extensions ['colcon_meta']
[1.724s] Level 1:colcon.colcon_core.package_identification:_identify(.) by extension 'colcon_meta'
[1.724s] Level 1:colcon.colcon_core.package_identification:_identify(.) by extensions ['ros']
[1.724s] Level 1:colcon.colcon_core.package_identification:_identify(.) by extension 'ros'
[1.741s] Level 1:colcon.colcon_core.package_identification:_identify(.) by extensions ['cmake', 'python']
[1.741s] Level 1:colcon.colcon_core.package_identification:_identify(.) by extension 'cmake'
[1.741s] Level 1:colcon.colcon_core.package_identification:_identify(.) by extension 'python'
[1.741s] Level 1:colcon.colcon_core.package_identification:_identify(.) by extensions ['python_setup_py']
[1.741s] Level 1:colcon.colcon_core.package_identification:_identify(.) by extension 'python_setup_py'
[1.742s] Level 1:colcon.colcon_core.package_identification:_identify(build) by extensions ['ignore', 'ignore_ament_install']
[1.742s] Level 1:colcon.colcon_core.package_identification:_identify(build) by extension 'ignore'
[1.742s] Level 1:colcon.colcon_core.package_identification:_identify(build) ignored
[1.742s] Level 1:colcon.colcon_core.package_identification:_identify(install) by extensions ['ignore', 'ignore_ament_install']
[1.742s] Level 1:colcon.colcon_core.package_identification:_identify(install) by extension 'ignore'
[1.742s] Level 1:colcon.colcon_core.package_identification:_identify(install) ignored
[1.742s] Level 1:colcon.colcon_core.package_identification:_identify(log) by extensions ['ignore', 'ignore_ament_install']
[1.742s] Level 1:colcon.colcon_core.package_identification:_identify(log) by extension 'ignore'
[1.742s] Level 1:colcon.colcon_core.package_identification:_identify(log) ignored
[1.743s] Level 1:colcon.colcon_core.package_identification:_identify(src) by extensions ['ignore', 'ignore_ament_install']
[1.743s] Level 1:colcon.colcon_core.package_identification:_identify(src) by extension 'ignore'
[1.743s] Level 1:colcon.colcon_core.package_identification:_identify(src) by extension 'ignore_ament_install'
[1.743s] Level 1:colcon.colcon_core.package_identification:_identify(src) by extensions ['colcon_pkg']
[1.743s] Level 1:colcon.colcon_core.package_identification:_identify(src) by extension 'colcon_pkg'
[1.743s] Level 1:colcon.colcon_core.package_identification:_identify(src) by extensions ['colcon_meta']
[1.743s] Level 1:colcon.colcon_core.package_identification:_identify(src) by extension 'colcon_meta'
[1.743s] Level 1:colcon.colcon_core.package_identification:_identify(src) by extensions ['ros']
[1.743s] Level 1:colcon.colcon_core.package_identification:_identify(src) by extension 'ros'
[1.743s] Level 1:colcon.colcon_core.package_identification:_identify(src) by extensions ['cmake', 'python']
[1.743s] Level 1:colcon.colcon_core.package_identification:_identify(src) by extension 'cmake'
[1.743s] Level 1:colcon.colcon_core.package_identification:_identify(src) by extension 'python'
[1.743s] Level 1:colcon.colcon_core.package_identification:_identify(src) by extensions ['python_setup_py']
[1.743s] Level 1:colcon.colcon_core.package_identification:_identify(src) by extension 'python_setup_py'
[1.743s] Level 1:colcon.colcon_core.package_identification:_identify(src/orbslam3_ros2) by extensions ['ignore', 'ignore_ament_install']
[1.743s] Level 1:colcon.colcon_core.package_identification:_identify(src/orbslam3_ros2) by extension 'ignore'
[1.743s] Level 1:colcon.colcon_core.package_identification:_identify(src/orbslam3_ros2) by extension 'ignore_ament_install'
[1.743s] Level 1:colcon.colcon_core.package_identification:_identify(src/orbslam3_ros2) by extensions ['colcon_pkg']
[1.743s] Level 1:colcon.colcon_core.package_identification:_identify(src/orbslam3_ros2) by extension 'colcon_pkg'
[1.744s] Level 1:colcon.colcon_core.package_identification:_identify(src/orbslam3_ros2) by extensions ['colcon_meta']
[1.744s] Level 1:colcon.colcon_core.package_identification:_identify(src/orbslam3_ros2) by extension 'colcon_meta'
[1.744s] Level 1:colcon.colcon_core.package_identification:_identify(src/orbslam3_ros2) by extensions ['ros']
[1.744s] Level 1:colcon.colcon_core.package_identification:_identify(src/orbslam3_ros2) by extension 'ros'
[1.747s] DEBUG:colcon.colcon_core.package_identification:Package 'src/orbslam3_ros2' with type 'ros.ament_cmake' and name 'orbslam3'
[1.748s] Level 1:colcon.colcon_core.package_discovery:discover_packages(recursive) using defaults
[1.748s] Level 1:colcon.colcon_core.package_discovery:discover_packages(ignore) discover
[1.748s] Level 1:colcon.colcon_core.package_discovery:discover_packages(ignore) using defaults
[1.748s] Level 1:colcon.colcon_core.package_discovery:discover_packages(path) discover
[1.748s] Level 1:colcon.colcon_core.package_discovery:discover_packages(path) using defaults
[1.867s] Level 1:colcon.colcon_core.package_discovery:discover_packages(prefix_path) check parameters
[1.868s] Level 1:colcon.colcon_core.package_discovery:discover_packages(prefix_path) discover
[1.906s] DEBUG:colcon.colcon_installed_package_information.package_discovery:Found 1 installed packages in /home/gina/mei/slam/install
[1.926s] DEBUG:colcon.colcon_installed_package_information.package_discovery:Found 358 installed packages in /opt/ros/humble
[1.928s] Level 1:colcon.colcon_core.package_discovery:discover_packages(prefix_path) using defaults
[2.048s] Level 5:colcon.colcon_core.verb:set package 'orbslam3' build argument 'cmake_args' from command line to 'None'
[2.048s] Level 5:colcon.colcon_core.verb:set package 'orbslam3' build argument 'cmake_target' from command line to 'None'
[2.048s] Level 5:colcon.colcon_core.verb:set package 'orbslam3' build argument 'cmake_target_skip_unavailable' from command line to 'False'
[2.048s] Level 5:colcon.colcon_core.verb:set package 'orbslam3' build argument 'cmake_clean_cache' from command line to 'False'
[2.048s] Level 5:colcon.colcon_core.verb:set package 'orbslam3' build argument 'cmake_clean_first' from command line to 'False'
[2.049s] Level 5:colcon.colcon_core.verb:set package 'orbslam3' build argument 'cmake_force_configure' from command line to 'False'
[2.049s] Level 5:colcon.colcon_core.verb:set package 'orbslam3' build argument 'ament_cmake_args' from command line to 'None'
[2.049s] Level 5:colcon.colcon_core.verb:set package 'orbslam3' build argument 'catkin_cmake_args' from command line to 'None'
[2.049s] Level 5:colcon.colcon_core.verb:set package 'orbslam3' build argument 'catkin_skip_building_tests' from command line to 'False'
[2.049s] DEBUG:colcon.colcon_core.verb:Building package 'orbslam3' with the following arguments: {'ament_cmake_args': None, 'build_base': '/home/gina/mei/slam/build/orbslam3', 'catkin_cmake_args': None, 'catkin_skip_building_tests': False, 'cmake_args': None, 'cmake_clean_cache': False, 'cmake_clean_first': False, 'cmake_force_configure': False, 'cmake_target': None, 'cmake_target_skip_unavailable': False, 'install_base': '/home/gina/mei/slam/install/orbslam3', 'merge_install': False, 'path': '/home/gina/mei/slam/src/orbslam3_ros2', 'symlink_install': False, 'test_result_base': None}
[2.076s] INFO:colcon.colcon_core.executor:Executing jobs using 'parallel' executor
[2.096s] DEBUG:colcon.colcon_parallel_executor.executor.parallel:run_until_complete
[2.097s] INFO:colcon.colcon_ros.task.ament_cmake.build:Building ROS package in '/home/gina/mei/slam/src/orbslam3_ros2' with build type 'ament_cmake'
[2.097s] INFO:colcon.colcon_cmake.task.cmake.build:Building CMake package in '/home/gina/mei/slam/src/orbslam3_ros2'
[2.119s] INFO:colcon.colcon_core.plugin_system:Skipping extension 'colcon_core.shell.bat': Not used on non-Windows systems
[2.119s] INFO:colcon.colcon_core.shell:Skip shell extension 'powershell' for command environment: Not usable outside of PowerShell
[2.119s] DEBUG:colcon.colcon_core.shell:Skip shell extension 'dsv' for command environment
[2.186s] DEBUG:colcon.colcon_core.event_handler.log_command:Invoking command in '/home/gina/mei/slam/build/orbslam3': CMAKE_PREFIX_PATH=${CMAKE_PREFIX_PATH}:/opt/ros/humble /usr/bin/cmake --build /home/gina/mei/slam/build/orbslam3 -- -j24 -l24
[27.043s] DEBUG:colcon.colcon_core.event_handler.log_command:Invoked command in '/home/gina/mei/slam/build/orbslam3' returned '0': CMAKE_PREFIX_PATH=${CMAKE_PREFIX_PATH}:/opt/ros/humble /usr/bin/cmake --build /home/gina/mei/slam/build/orbslam3 -- -j24 -l24
[27.106s] DEBUG:colcon.colcon_core.event_handler.log_command:Invoking command in '/home/gina/mei/slam/build/orbslam3': CMAKE_PREFIX_PATH=${CMAKE_PREFIX_PATH}:/opt/ros/humble /usr/bin/cmake --install /home/gina/mei/slam/build/orbslam3
[27.129s] Level 1:colcon.colcon_core.environment:create_environment_scripts_only(orbslam3)
[27.130s] DEBUG:colcon.colcon_core.event_handler.log_command:Invoked command in '/home/gina/mei/slam/build/orbslam3' returned '0': CMAKE_PREFIX_PATH=${CMAKE_PREFIX_PATH}:/opt/ros/humble /usr/bin/cmake --install /home/gina/mei/slam/build/orbslam3
[27.152s] Level 1:colcon.colcon_core.environment:checking '/home/gina/mei/slam/install/orbslam3' for CMake module files
[27.153s] Level 1:colcon.colcon_core.environment:checking '/home/gina/mei/slam/install/orbslam3' for CMake config files
[27.153s] Level 1:colcon.colcon_core.shell:create_environment_hook('orbslam3', 'cmake_prefix_path')
[27.171s] INFO:colcon.colcon_core.shell:Creating environment hook '/home/gina/mei/slam/install/orbslam3/share/orbslam3/hook/cmake_prefix_path.ps1'
[27.172s] INFO:colcon.colcon_core.shell:Creating environment descriptor '/home/gina/mei/slam/install/orbslam3/share/orbslam3/hook/cmake_prefix_path.dsv'
[27.172s] INFO:colcon.colcon_core.shell:Creating environment hook '/home/gina/mei/slam/install/orbslam3/share/orbslam3/hook/cmake_prefix_path.sh'
[27.173s] Level 1:colcon.colcon_core.environment:checking '/home/gina/mei/slam/install/orbslam3/lib'
[27.173s] Level 1:colcon.colcon_core.environment:checking '/home/gina/mei/slam/install/orbslam3/bin'
[27.173s] Level 1:colcon.colcon_core.environment:checking '/home/gina/mei/slam/install/orbslam3/lib/pkgconfig/orbslam3.pc'
[27.174s] Level 1:colcon.colcon_core.environment:checking '/home/gina/mei/slam/install/orbslam3/lib/python3.10/site-packages'
[27.174s] Level 1:colcon.colcon_core.environment:checking '/home/gina/mei/slam/install/orbslam3/bin'
[27.193s] INFO:colcon.colcon_core.shell:Creating package script '/home/gina/mei/slam/install/orbslam3/share/orbslam3/package.ps1'
[27.194s] INFO:colcon.colcon_core.shell:Creating package descriptor '/home/gina/mei/slam/install/orbslam3/share/orbslam3/package.dsv'
[27.195s] INFO:colcon.colcon_core.shell:Creating package script '/home/gina/mei/slam/install/orbslam3/share/orbslam3/package.sh'
[27.195s] INFO:colcon.colcon_core.shell:Creating package script '/home/gina/mei/slam/install/orbslam3/share/orbslam3/package.bash'
[27.196s] INFO:colcon.colcon_core.shell:Creating package script '/home/gina/mei/slam/install/orbslam3/share/orbslam3/package.zsh'
[27.197s] Level 1:colcon.colcon_core.environment:create_file_with_runtime_dependencies(/home/gina/mei/slam/install/orbslam3/share/colcon-core/packages/orbslam3)
[27.270s] Level 1:colcon.colcon_core.environment:create_environment_scripts_only(orbslam3)
[27.289s] Level 1:colcon.colcon_core.environment:checking '/home/gina/mei/slam/install/orbslam3' for CMake module files
[27.289s] Level 1:colcon.colcon_core.environment:checking '/home/gina/mei/slam/install/orbslam3' for CMake config files
[27.290s] Level 1:colcon.colcon_core.shell:create_environment_hook('orbslam3', 'cmake_prefix_path')
[27.308s] INFO:colcon.colcon_core.shell:Creating environment hook '/home/gina/mei/slam/install/orbslam3/share/orbslam3/hook/cmake_prefix_path.ps1'
[27.308s] INFO:colcon.colcon_core.shell:Creating environment descriptor '/home/gina/mei/slam/install/orbslam3/share/orbslam3/hook/cmake_prefix_path.dsv'
[27.308s] INFO:colcon.colcon_core.shell:Creating environment hook '/home/gina/mei/slam/install/orbslam3/share/orbslam3/hook/cmake_prefix_path.sh'
[27.309s] Level 1:colcon.colcon_core.environment:checking '/home/gina/mei/slam/install/orbslam3/lib'
[27.309s] Level 1:colcon.colcon_core.environment:checking '/home/gina/mei/slam/install/orbslam3/bin'
[27.309s] Level 1:colcon.colcon_core.environment:checking '/home/gina/mei/slam/install/orbslam3/lib/pkgconfig/orbslam3.pc'
[27.309s] Level 1:colcon.colcon_core.environment:checking '/home/gina/mei/slam/install/orbslam3/lib/python3.10/site-packages'
[27.310s] Level 1:colcon.colcon_core.environment:checking '/home/gina/mei/slam/install/orbslam3/bin'
[27.328s] INFO:colcon.colcon_core.shell:Creating package script '/home/gina/mei/slam/install/orbslam3/share/orbslam3/package.ps1'
[27.329s] INFO:colcon.colcon_core.shell:Creating package descriptor '/home/gina/mei/slam/install/orbslam3/share/orbslam3/package.dsv'
[27.329s] INFO:colcon.colcon_core.shell:Creating package script '/home/gina/mei/slam/install/orbslam3/share/orbslam3/package.sh'
[27.329s] INFO:colcon.colcon_core.shell:Creating package script '/home/gina/mei/slam/install/orbslam3/share/orbslam3/package.bash'
[27.330s] INFO:colcon.colcon_core.shell:Creating package script '/home/gina/mei/slam/install/orbslam3/share/orbslam3/package.zsh'
[27.330s] Level 1:colcon.colcon_core.environment:create_file_with_runtime_dependencies(/home/gina/mei/slam/install/orbslam3/share/colcon-core/packages/orbslam3)
[27.330s] DEBUG:colcon.colcon_parallel_executor.executor.parallel:closing loop
[27.331s] DEBUG:colcon.colcon_parallel_executor.executor.parallel:loop closed
[27.331s] DEBUG:colcon.colcon_parallel_executor.executor.parallel:run_until_complete finished with '0'
[27.331s] DEBUG:colcon.colcon_core.event_reactor:joining thread
[27.368s] INFO:colcon.colcon_core.plugin_system:Skipping extension 'colcon_notification.desktop_notification.terminal_notifier': Not used on non-Darwin systems
[27.369s] INFO:colcon.colcon_core.plugin_system:Skipping extension 'colcon_notification.desktop_notification.win32': Not used on non-Windows systems
[27.369s] INFO:colcon.colcon_notification.desktop_notification:Sending desktop notification using 'notify2'
[27.382s] DEBUG:colcon.colcon_core.event_reactor:joined thread
[27.400s] INFO:colcon.colcon_core.shell:Creating prefix script '/home/gina/mei/slam/install/local_setup.ps1'
[27.402s] INFO:colcon.colcon_core.shell:Creating prefix util module '/home/gina/mei/slam/install/_local_setup_util_ps1.py'
[27.403s] INFO:colcon.colcon_core.shell:Creating prefix chain script '/home/gina/mei/slam/install/setup.ps1'
[27.423s] INFO:colcon.colcon_core.shell:Creating prefix script '/home/gina/mei/slam/install/local_setup.sh'
[27.424s] INFO:colcon.colcon_core.shell:Creating prefix util module '/home/gina/mei/slam/install/_local_setup_util_sh.py'
[27.424s] INFO:colcon.colcon_core.shell:Creating prefix chain script '/home/gina/mei/slam/install/setup.sh'
[27.443s] INFO:colcon.colcon_core.shell:Creating prefix script '/home/gina/mei/slam/install/local_setup.bash'
[27.444s] INFO:colcon.colcon_core.shell:Creating prefix chain script '/home/gina/mei/slam/install/setup.bash'
[27.463s] INFO:colcon.colcon_core.shell:Creating prefix script '/home/gina/mei/slam/install/local_setup.zsh'
[27.464s] INFO:colcon.colcon_core.shell:Creating prefix chain script '/home/gina/mei/slam/install/setup.zsh'
