[0.066s] Invoking command in '/home/gina/mei/slam/build/orbslam3': CMAKE_PREFIX_PATH=/opt/ros/humble /usr/bin/cmake --build /home/gina/mei/slam/build/orbslam3 -- -j24 -l24
[0.094s] -- Found ament_cmake: 1.3.6 (/opt/ros/humble/share/ament_cmake/cmake)
[0.267s] -- Override CMake install command with custom implementation using symlinks instead of copying resources
[0.275s] -- Found rclcpp: 16.0.7 (/opt/ros/humble/share/rclcpp/cmake)
[0.315s] -- Found rosidl_generator_c: 3.1.5 (/opt/ros/humble/share/rosidl_generator_c/cmake)
[0.318s] -- Found rosidl_adapter: 3.1.5 (/opt/ros/humble/share/rosidl_adapter/cmake)
[0.325s] -- Found rosidl_generator_cpp: 3.1.5 (/opt/ros/humble/share/rosidl_generator_cpp/cmake)
[0.340s] -- Using all available rosidl_typesupport_c: rosidl_typesupport_fastrtps_c;rosidl_typesupport_introspection_c
[0.360s] -- Using all available rosidl_typesupport_cpp: rosidl_typesupport_fastrtps_cpp;rosidl_typesupport_introspection_cpp
[0.435s] -- Found rmw_implementation_cmake: 6.1.1 (/opt/ros/humble/share/rmw_implementation_cmake/cmake)
[0.437s] -- Found rmw_cyclonedds_cpp: 1.3.4 (/opt/ros/humble/share/rmw_cyclonedds_cpp/cmake)
[0.475s] -- Using RMW implementation 'rmw_cyclonedds_cpp' as default
[0.682s] -- Found sensor_msgs: 4.2.3 (/opt/ros/humble/share/sensor_msgs/cmake)
[0.848s] -- Found cv_bridge: 3.2.1 (/opt/ros/humble/share/cv_bridge/cmake)
[0.866s] -- Found message_filters: 4.3.3 (/opt/ros/humble/share/message_filters/cmake)
[0.994s] -- Configuring done
[1.045s] -- Generating done
[1.047s] -- Build files have been written to: /home/gina/mei/slam/build/orbslam3
[1.080s] [35m[1mConsolidate compiler generated dependencies of target mono[0m
[1.080s] [35m[1mConsolidate compiler generated dependencies of target stereo[0m
[1.080s] [35m[1mConsolidate compiler generated dependencies of target rgbd[0m
[1.080s] [35m[1mConsolidate compiler generated dependencies of target stereo-inertial[0m
[1.123s] [ 33%] [32m[1mLinking CXX executable stereo-inertial[0m
[1.123s] [ 33%] [32m[1mLinking CXX executable rgbd[0m
[1.123s] [ 33%] [32m[1mLinking CXX executable mono[0m
[1.123s] [ 33%] [32m[1mLinking CXX executable stereo[0m
[2.158s] /usr/bin/ld: /home/gina/mei/ORB_SLAM3/lib/libORB_SLAM3.so: undefined reference to `DUtils::Random::SeedRandOnce()'
[2.167s] /usr/bin/ld: /home/gina/mei/ORB_SLAM3/lib/libORB_SLAM3.so: undefined reference to `DUtils::Random::RandomInt(int, int)'
[2.170s] /usr/bin/ld: /home/gina/mei/ORB_SLAM3/lib/libORB_SLAM3.so: undefined reference to `DUtils::Random::SeedRandOnce(int)'
[2.172s] /usr/bin/ld: /home/gina/mei/ORB_SLAM3/lib/libORB_SLAM3.so: undefined reference to `DBoW2::FORB::L'
[2.205s] collect2: error: ld returned 1 exit status
[2.208s] gmake[2]: *** [CMakeFiles/mono.dir/build.make:268: mono] Error 1
[2.208s] gmake[1]: *** [CMakeFiles/Makefile2:143: CMakeFiles/mono.dir/all] Error 2
[2.208s] gmake[1]: *** Waiting for unfinished jobs....
[2.264s] /usr/bin/ld: /home/gina/mei/ORB_SLAM3/lib/libORB_SLAM3.so: undefined reference to `DUtils::Random::SeedRandOnce()'
[2.274s] /usr/bin/ld: /home/gina/mei/ORB_SLAM3/lib/libORB_SLAM3.so: undefined reference to `DUtils::Random::RandomInt(int, int)'
[2.278s] /usr/bin/ld: /home/gina/mei/ORB_SLAM3/lib/libORB_SLAM3.so: undefined reference to `DUtils::Random::SeedRandOnce(int)'
[2.278s] /usr/bin/ld: /home/gina/mei/ORB_SLAM3/lib/libORB_SLAM3.so: undefined reference to `DUtils::Random::SeedRandOnce()'
[2.279s] /usr/bin/ld: /home/gina/mei/ORB_SLAM3/lib/libORB_SLAM3.so: undefined reference to `DBoW2::FORB::L'
[2.288s] /usr/bin/ld: /home/gina/mei/ORB_SLAM3/lib/libORB_SLAM3.so: undefined reference to `DUtils::Random::RandomInt(int, int)'
[2.291s] /usr/bin/ld: /home/gina/mei/ORB_SLAM3/lib/libORB_SLAM3.so: undefined reference to `DUtils::Random::SeedRandOnce(int)'
[2.293s] /usr/bin/ld: /home/gina/mei/ORB_SLAM3/lib/libORB_SLAM3.so: undefined reference to `DBoW2::FORB::L'
[2.317s] collect2: error: ld returned 1 exit status
[2.320s] gmake[2]: *** [CMakeFiles/stereo.dir/build.make:269: stereo] Error 1
[2.320s] gmake[1]: *** [CMakeFiles/Makefile2:195: CMakeFiles/stereo.dir/all] Error 2
[2.331s] collect2: error: ld returned 1 exit status
[2.334s] gmake[2]: *** [CMakeFiles/rgbd.dir/build.make:269: rgbd] Error 1
[2.334s] gmake[1]: *** [CMakeFiles/Makefile2:169: CMakeFiles/rgbd.dir/all] Error 2
[2.384s] /usr/bin/ld: /home/gina/mei/ORB_SLAM3/lib/libORB_SLAM3.so: undefined reference to `DUtils::Random::SeedRandOnce()'
[2.395s] /usr/bin/ld: /home/gina/mei/ORB_SLAM3/lib/libORB_SLAM3.so: undefined reference to `DUtils::Random::RandomInt(int, int)'
[2.398s] /usr/bin/ld: /home/gina/mei/ORB_SLAM3/lib/libORB_SLAM3.so: undefined reference to `DUtils::Random::SeedRandOnce(int)'
[2.400s] /usr/bin/ld: /home/gina/mei/ORB_SLAM3/lib/libORB_SLAM3.so: undefined reference to `DBoW2::FORB::L'
[2.442s] collect2: error: ld returned 1 exit status
[2.444s] gmake[2]: *** [CMakeFiles/stereo-inertial.dir/build.make:268: stereo-inertial] Error 1
[2.444s] gmake[1]: *** [CMakeFiles/Makefile2:221: CMakeFiles/stereo-inertial.dir/all] Error 2
[2.444s] gmake: *** [Makefile:146: all] Error 2
[2.447s] Invoked command in '/home/gina/mei/slam/build/orbslam3' returned '2': CMAKE_PREFIX_PATH=/opt/ros/humble /usr/bin/cmake --build /home/gina/mei/slam/build/orbslam3 -- -j24 -l24
