[0.066s] Invoking command in '/home/gina/mei/slam/build/orbslam3': CMAKE_PREFIX_PATH=/opt/ros/humble /usr/bin/cmake --build /home/gina/mei/slam/build/orbslam3 -- -j24 -l24
[0.094s] -- Found ament_cmake: 1.3.6 (/opt/ros/humble/share/ament_cmake/cmake)
[0.267s] -- Override CMake install command with custom implementation using symlinks instead of copying resources
[0.275s] -- Found rclcpp: 16.0.7 (/opt/ros/humble/share/rclcpp/cmake)
[0.314s] -- Found rosidl_generator_c: 3.1.5 (/opt/ros/humble/share/rosidl_generator_c/cmake)
[0.317s] -- Found rosidl_adapter: 3.1.5 (/opt/ros/humble/share/rosidl_adapter/cmake)
[0.325s] -- Found rosidl_generator_cpp: 3.1.5 (/opt/ros/humble/share/rosidl_generator_cpp/cmake)
[0.339s] -- Using all available rosidl_typesupport_c: rosidl_typesupport_fastrtps_c;rosidl_typesupport_introspection_c
[0.358s] -- Using all available rosidl_typesupport_cpp: rosidl_typesupport_fastrtps_cpp;rosidl_typesupport_introspection_cpp
[0.433s] -- Found rmw_implementation_cmake: 6.1.1 (/opt/ros/humble/share/rmw_implementation_cmake/cmake)
[0.435s] -- Found rmw_cyclonedds_cpp: 1.3.4 (/opt/ros/humble/share/rmw_cyclonedds_cpp/cmake)
[0.472s] -- Using RMW implementation 'rmw_cyclonedds_cpp' as default
[0.678s] -- Found sensor_msgs: 4.2.3 (/opt/ros/humble/share/sensor_msgs/cmake)
[0.843s] -- Found cv_bridge: 3.2.1 (/opt/ros/humble/share/cv_bridge/cmake)
[0.861s] -- Found message_filters: 4.3.3 (/opt/ros/humble/share/message_filters/cmake)
[0.989s] -- Configuring done
[1.039s] -- Generating done
[1.041s] -- Build files have been written to: /home/gina/mei/slam/build/orbslam3
[1.074s] [35m[1mConsolidate compiler generated dependencies of target mono[0m
[1.074s] [35m[1mConsolidate compiler generated dependencies of target rgbd[0m
[1.074s] [35m[1mConsolidate compiler generated dependencies of target stereo[0m
[1.075s] [35m[1mConsolidate compiler generated dependencies of target stereo-inertial[0m
[1.116s] [  8%] [32m[1mLinking CXX executable mono[0m
[1.117s] [ 33%] [32m[1mLinking CXX executable stereo[0m
[1.117s] [ 33%] [32m[1mLinking CXX executable rgbd[0m
[1.117s] [ 33%] [32m[1mLinking CXX executable stereo-inertial[0m
[2.143s] /usr/bin/ld: /home/gina/mei/ORB_SLAM3/lib/libORB_SLAM3.so: undefined reference to `DUtils::Random::SeedRandOnce()'
[2.152s] /usr/bin/ld: /home/gina/mei/ORB_SLAM3/lib/libORB_SLAM3.so: undefined reference to `DUtils::Random::RandomInt(int, int)'
[2.155s] /usr/bin/ld: /home/gina/mei/ORB_SLAM3/lib/libORB_SLAM3.so: undefined reference to `DUtils::Random::SeedRandOnce(int)'
[2.157s] /usr/bin/ld: /home/gina/mei/ORB_SLAM3/lib/libORB_SLAM3.so: undefined reference to `DBoW2::FORB::L'
[2.191s] collect2: error: ld returned 1 exit status
[2.193s] gmake[2]: *** [CMakeFiles/mono.dir/build.make:271: mono] Error 1
[2.193s] gmake[1]: *** [CMakeFiles/Makefile2:143: CMakeFiles/mono.dir/all] Error 2
[2.193s] gmake[1]: *** Waiting for unfinished jobs....
[2.265s] /usr/bin/ld: /home/gina/mei/ORB_SLAM3/lib/libORB_SLAM3.so: undefined reference to `DUtils::Random::SeedRandOnce()'
[2.275s] /usr/bin/ld: /home/gina/mei/ORB_SLAM3/lib/libORB_SLAM3.so: undefined reference to `DUtils::Random::RandomInt(int, int)'
[2.276s] /usr/bin/ld: /home/gina/mei/ORB_SLAM3/lib/libORB_SLAM3.so: undefined reference to `DUtils::Random::SeedRandOnce()'
[2.278s] /usr/bin/ld: /home/gina/mei/ORB_SLAM3/lib/libORB_SLAM3.so: undefined reference to `DUtils::Random::SeedRandOnce(int)'
[2.280s] /usr/bin/ld: /home/gina/mei/ORB_SLAM3/lib/libORB_SLAM3.so: undefined reference to `DBoW2::FORB::L'
[2.287s] /usr/bin/ld: /home/gina/mei/ORB_SLAM3/lib/libORB_SLAM3.so: undefined reference to `DUtils::Random::RandomInt(int, int)'
[2.290s] /usr/bin/ld: /home/gina/mei/ORB_SLAM3/lib/libORB_SLAM3.so: undefined reference to `DUtils::Random::SeedRandOnce(int)'
[2.292s] /usr/bin/ld: /home/gina/mei/ORB_SLAM3/lib/libORB_SLAM3.so: undefined reference to `DBoW2::FORB::L'
[2.318s] collect2: error: ld returned 1 exit status
[2.320s] gmake[2]: *** [CMakeFiles/stereo.dir/build.make:269: stereo] Error 1
[2.320s] gmake[1]: *** [CMakeFiles/Makefile2:195: CMakeFiles/stereo.dir/all] Error 2
[2.329s] collect2: error: ld returned 1 exit status
[2.331s] gmake[2]: *** [CMakeFiles/rgbd.dir/build.make:269: rgbd] Error 1
[2.332s] gmake[1]: *** [CMakeFiles/Makefile2:169: CMakeFiles/rgbd.dir/all] Error 2
[2.395s] /usr/bin/ld: /home/gina/mei/ORB_SLAM3/lib/libORB_SLAM3.so: undefined reference to `DUtils::Random::SeedRandOnce()'
[2.406s] /usr/bin/ld: /home/gina/mei/ORB_SLAM3/lib/libORB_SLAM3.so: undefined reference to `DUtils::Random::RandomInt(int, int)'
[2.409s] /usr/bin/ld: /home/gina/mei/ORB_SLAM3/lib/libORB_SLAM3.so: undefined reference to `DUtils::Random::SeedRandOnce(int)'
[2.411s] /usr/bin/ld: /home/gina/mei/ORB_SLAM3/lib/libORB_SLAM3.so: undefined reference to `DBoW2::FORB::L'
[2.452s] collect2: error: ld returned 1 exit status
[2.454s] gmake[2]: *** [CMakeFiles/stereo-inertial.dir/build.make:268: stereo-inertial] Error 1
[2.454s] gmake[1]: *** [CMakeFiles/Makefile2:221: CMakeFiles/stereo-inertial.dir/all] Error 2
[2.455s] gmake: *** [Makefile:146: all] Error 2
[2.458s] Invoked command in '/home/gina/mei/slam/build/orbslam3' returned '2': CMAKE_PREFIX_PATH=/opt/ros/humble /usr/bin/cmake --build /home/gina/mei/slam/build/orbslam3 -- -j24 -l24
