-- The C compiler identification is GNU 11.4.0
-- The CXX compiler identification is GNU 11.4.0
-- Detecting C compiler ABI info
-- Detecting C compiler ABI info - done
-- Check for working C compiler: /usr/bin/cc - skipped
-- Detecting C compile features
-- Detecting C compile features - done
-- Detecting CXX compiler ABI info
-- Detecting CXX compiler ABI info - done
-- Check for working CXX compiler: /usr/bin/c++ - skipped
-- Detecting CXX compile features
-- Detecting CXX compile features - done
-- Found ament_cmake: 1.3.6 (/opt/ros/humble/share/ament_cmake/cmake)
-- Found Python3: /usr/bin/python3.10 (found version "3.10.12") found components: Interpreter 
-- Found rclcpp: 16.0.7 (/opt/ros/humble/share/rclcpp/cmake)
-- Found rosidl_generator_c: 3.1.5 (/opt/ros/humble/share/rosidl_generator_c/cmake)
-- Found rosidl_adapter: 3.1.5 (/opt/ros/humble/share/rosidl_adapter/cmake)
-- Found rosidl_generator_cpp: 3.1.5 (/opt/ros/humble/share/rosidl_generator_cpp/cmake)
-- Using all available rosidl_typesupport_c: rosidl_typesupport_fastrtps_c;rosidl_typesupport_introspection_c
-- Using all available rosidl_typesupport_cpp: rosidl_typesupport_fastrtps_cpp;rosidl_typesupport_introspection_cpp
-- Found rmw_implementation_cmake: 6.1.1 (/opt/ros/humble/share/rmw_implementation_cmake/cmake)
-- Found rmw_cyclonedds_cpp: 1.3.4 (/opt/ros/humble/share/rmw_cyclonedds_cpp/cmake)
-- Using RMW implementation 'rmw_cyclonedds_cpp' as default
-- Looking for pthread.h
-- Looking for pthread.h - found
-- Performing Test CMAKE_HAVE_LIBC_PTHREAD
-- Performing Test CMAKE_HAVE_LIBC_PTHREAD - Success
-- Found Threads: TRUE  
-- Found sensor_msgs: 4.2.3 (/opt/ros/humble/share/sensor_msgs/cmake)
-- Found cv_bridge: 3.2.1 (/opt/ros/humble/share/cv_bridge/cmake)
-- Found message_filters: 4.3.3 (/opt/ros/humble/share/message_filters/cmake)
-- Found ORB_SLAM3: /home/gina/mei/orbslam_dev/ORB_SLAM3/lib/libORB_SLAM3.so  
-- Configuring done
-- Generating done
-- Build files have been written to: /home/gina/mei/orbslam_dev/slam/build/orbslam3
[  6%] [32mBuilding CXX object CMakeFiles/mono.dir/src/monocular/monocular-slam-node.cpp.o[0m
[ 13%] [32mBuilding CXX object CMakeFiles/rgbd.dir/src/rgbd/rgbd.cpp.o[0m
[ 20%] [32mBuilding CXX object CMakeFiles/mono.dir/src/monocular/mono.cpp.o[0m
[ 26%] [32mBuilding CXX object CMakeFiles/rgbd-inertial.dir/src/rgbd-inertial/rgbd-inertial-node.cpp.o[0m
[ 40%] [32mBuilding CXX object CMakeFiles/stereo.dir/src/stereo/stereo.cpp.o[0m
[ 40%] [32mBuilding CXX object CMakeFiles/rgbd.dir/src/rgbd/rgbd-slam-node.cpp.o[0m
[ 46%] [32mBuilding CXX object CMakeFiles/stereo-inertial.dir/src/stereo-inertial/stereo-inertial.cpp.o[0m
[ 53%] [32mBuilding CXX object CMakeFiles/rgbd-inertial.dir/src/rgbd-inertial/rgbd-inertial.cpp.o[0m
[ 60%] [32mBuilding CXX object CMakeFiles/stereo-inertial.dir/src/stereo-inertial/stereo-inertial-node.cpp.o[0m
[ 66%] [32mBuilding CXX object CMakeFiles/stereo.dir/src/stereo/stereo-slam-node.cpp.o[0m
[ 73%] [32m[1mLinking CXX executable mono[0m
[ 73%] Built target mono
[ 80%] [32m[1mLinking CXX executable stereo[0m
[ 86%] [32m[1mLinking CXX executable stereo-inertial[0m
[ 93%] [32m[1mLinking CXX executable rgbd-inertial[0m
[ 93%] Built target stereo
[ 93%] Built target stereo-inertial
[ 93%] Built target rgbd-inertial
[100%] [32m[1mLinking CXX executable rgbd[0m
[100%] Built target rgbd
-- Install configuration: ""
-- Installing: /home/gina/mei/orbslam_dev/slam/install/orbslam3/lib/orbslam3/mono
-- Set runtime path of "/home/gina/mei/orbslam_dev/slam/install/orbslam3/lib/orbslam3/mono" to ""
-- Installing: /home/gina/mei/orbslam_dev/slam/install/orbslam3/lib/orbslam3/rgbd
-- Set runtime path of "/home/gina/mei/orbslam_dev/slam/install/orbslam3/lib/orbslam3/rgbd" to ""
-- Installing: /home/gina/mei/orbslam_dev/slam/install/orbslam3/lib/orbslam3/rgbd-inertial
-- Set runtime path of "/home/gina/mei/orbslam_dev/slam/install/orbslam3/lib/orbslam3/rgbd-inertial" to ""
-- Installing: /home/gina/mei/orbslam_dev/slam/install/orbslam3/lib/orbslam3/stereo
-- Set runtime path of "/home/gina/mei/orbslam_dev/slam/install/orbslam3/lib/orbslam3/stereo" to ""
-- Installing: /home/gina/mei/orbslam_dev/slam/install/orbslam3/lib/orbslam3/stereo-inertial
-- Set runtime path of "/home/gina/mei/orbslam_dev/slam/install/orbslam3/lib/orbslam3/stereo-inertial" to ""
-- Installing: /home/gina/mei/orbslam_dev/slam/install/orbslam3/share/ament_index/resource_index/package_run_dependencies/orbslam3
-- Installing: /home/gina/mei/orbslam_dev/slam/install/orbslam3/share/ament_index/resource_index/parent_prefix_path/orbslam3
-- Installing: /home/gina/mei/orbslam_dev/slam/install/orbslam3/share/orbslam3/environment/ament_prefix_path.sh
-- Installing: /home/gina/mei/orbslam_dev/slam/install/orbslam3/share/orbslam3/environment/ament_prefix_path.dsv
-- Installing: /home/gina/mei/orbslam_dev/slam/install/orbslam3/share/orbslam3/environment/path.sh
-- Installing: /home/gina/mei/orbslam_dev/slam/install/orbslam3/share/orbslam3/environment/path.dsv
-- Installing: /home/gina/mei/orbslam_dev/slam/install/orbslam3/share/orbslam3/local_setup.bash
-- Installing: /home/gina/mei/orbslam_dev/slam/install/orbslam3/share/orbslam3/local_setup.sh
-- Installing: /home/gina/mei/orbslam_dev/slam/install/orbslam3/share/orbslam3/local_setup.zsh
-- Installing: /home/gina/mei/orbslam_dev/slam/install/orbslam3/share/orbslam3/local_setup.dsv
-- Installing: /home/gina/mei/orbslam_dev/slam/install/orbslam3/share/orbslam3/package.dsv
-- Installing: /home/gina/mei/orbslam_dev/slam/install/orbslam3/share/ament_index/resource_index/packages/orbslam3
-- Installing: /home/gina/mei/orbslam_dev/slam/install/orbslam3/share/orbslam3/cmake/orbslam3Config.cmake
-- Installing: /home/gina/mei/orbslam_dev/slam/install/orbslam3/share/orbslam3/cmake/orbslam3Config-version.cmake
-- Installing: /home/gina/mei/orbslam_dev/slam/install/orbslam3/share/orbslam3/package.xml
