[1.659s] DEBUG:colcon:Command line arguments: ['/usr/bin/colcon', 'build', '--packages-select', 'orbslam3']
[1.659s] DEBUG:colcon:Parsed command line arguments: Namespace(log_base=None, log_level=None, verb_name='build', build_base='build', install_base='install', merge_install=False, symlink_install=False, test_result_base=None, continue_on_error=False, executor='parallel', parallel_workers=24, event_handlers=None, ignore_user_meta=False, metas=['./colcon.meta'], base_paths=['.'], packages_ignore=None, packages_ignore_regex=None, paths=None, packages_up_to=None, packages_up_to_regex=None, packages_above=None, packages_above_and_dependencies=None, packages_above_depth=None, packages_select_by_dep=None, packages_skip_by_dep=None, packages_skip_up_to=None, packages_select_build_failed=False, packages_skip_build_finished=False, packages_select_test_failures=False, packages_skip_test_passed=False, packages_select=['orbslam3'], packages_skip=None, packages_select_regex=None, packages_skip_regex=None, packages_start=None, packages_end=None, allow_overriding=[], cmake_args=None, cmake_target=None, cmake_target_skip_unavailable=False, cmake_clean_cache=False, cmake_clean_first=False, cmake_force_configure=False, ament_cmake_args=None, catkin_cmake_args=None, catkin_skip_building_tests=False, mixin_files=None, mixin=None, verb_parser=<colcon_mixin.mixin.mixin_argument.MixinArgumentDecorator object at 0x7f7c1f920580>, verb_extension=<colcon_core.verb.build.BuildVerb object at 0x7f7c1f923250>, main=<bound method BuildVerb.main of <colcon_core.verb.build.BuildVerb object at 0x7f7c1f923250>>, mixin_verb=('build',))
[1.725s] Level 1:colcon.colcon_core.package_discovery:discover_packages(colcon_meta) check parameters
[1.725s] Level 1:colcon.colcon_core.package_discovery:discover_packages(recursive) check parameters
[1.725s] Level 1:colcon.colcon_core.package_discovery:discover_packages(ignore) check parameters
[1.725s] Level 1:colcon.colcon_core.package_discovery:discover_packages(path) check parameters
[1.725s] Level 1:colcon.colcon_core.package_discovery:discover_packages(colcon_meta) discover
[1.725s] Level 1:colcon.colcon_core.package_discovery:discover_packages(recursive) discover
[1.725s] INFO:colcon.colcon_core.package_discovery:Crawling recursively for packages in '/home/gina/mei/orbslam_dev/slam'
[1.725s] Level 1:colcon.colcon_core.package_identification:_identify(.) by extensions ['ignore', 'ignore_ament_install']
[1.725s] Level 1:colcon.colcon_core.package_identification:_identify(.) by extension 'ignore'
[1.725s] Level 1:colcon.colcon_core.package_identification:_identify(.) by extension 'ignore_ament_install'
[1.725s] Level 1:colcon.colcon_core.package_identification:_identify(.) by extensions ['colcon_pkg']
[1.725s] Level 1:colcon.colcon_core.package_identification:_identify(.) by extension 'colcon_pkg'
[1.725s] Level 1:colcon.colcon_core.package_identification:_identify(.) by extensions ['colcon_meta']
[1.725s] Level 1:colcon.colcon_core.package_identification:_identify(.) by extension 'colcon_meta'
[1.726s] Level 1:colcon.colcon_core.package_identification:_identify(.) by extensions ['ros']
[1.726s] Level 1:colcon.colcon_core.package_identification:_identify(.) by extension 'ros'
[1.740s] Level 1:colcon.colcon_core.package_identification:_identify(.) by extensions ['cmake', 'python']
[1.740s] Level 1:colcon.colcon_core.package_identification:_identify(.) by extension 'cmake'
[1.740s] Level 1:colcon.colcon_core.package_identification:_identify(.) by extension 'python'
[1.740s] Level 1:colcon.colcon_core.package_identification:_identify(.) by extensions ['python_setup_py']
[1.740s] Level 1:colcon.colcon_core.package_identification:_identify(.) by extension 'python_setup_py'
[1.740s] Level 1:colcon.colcon_core.package_identification:_identify(build) by extensions ['ignore', 'ignore_ament_install']
[1.741s] Level 1:colcon.colcon_core.package_identification:_identify(build) by extension 'ignore'
[1.741s] Level 1:colcon.colcon_core.package_identification:_identify(build) ignored
[1.741s] Level 1:colcon.colcon_core.package_identification:_identify(install) by extensions ['ignore', 'ignore_ament_install']
[1.741s] Level 1:colcon.colcon_core.package_identification:_identify(install) by extension 'ignore'
[1.741s] Level 1:colcon.colcon_core.package_identification:_identify(install) ignored
[1.741s] Level 1:colcon.colcon_core.package_identification:_identify(log) by extensions ['ignore', 'ignore_ament_install']
[1.741s] Level 1:colcon.colcon_core.package_identification:_identify(log) by extension 'ignore'
[1.741s] Level 1:colcon.colcon_core.package_identification:_identify(log) ignored
[1.741s] Level 1:colcon.colcon_core.package_identification:_identify(src) by extensions ['ignore', 'ignore_ament_install']
[1.741s] Level 1:colcon.colcon_core.package_identification:_identify(src) by extension 'ignore'
[1.741s] Level 1:colcon.colcon_core.package_identification:_identify(src) by extension 'ignore_ament_install'
[1.742s] Level 1:colcon.colcon_core.package_identification:_identify(src) by extensions ['colcon_pkg']
[1.742s] Level 1:colcon.colcon_core.package_identification:_identify(src) by extension 'colcon_pkg'
[1.742s] Level 1:colcon.colcon_core.package_identification:_identify(src) by extensions ['colcon_meta']
[1.742s] Level 1:colcon.colcon_core.package_identification:_identify(src) by extension 'colcon_meta'
[1.742s] Level 1:colcon.colcon_core.package_identification:_identify(src) by extensions ['ros']
[1.742s] Level 1:colcon.colcon_core.package_identification:_identify(src) by extension 'ros'
[1.742s] Level 1:colcon.colcon_core.package_identification:_identify(src) by extensions ['cmake', 'python']
[1.742s] Level 1:colcon.colcon_core.package_identification:_identify(src) by extension 'cmake'
[1.742s] Level 1:colcon.colcon_core.package_identification:_identify(src) by extension 'python'
[1.742s] Level 1:colcon.colcon_core.package_identification:_identify(src) by extensions ['python_setup_py']
[1.742s] Level 1:colcon.colcon_core.package_identification:_identify(src) by extension 'python_setup_py'
[1.742s] Level 1:colcon.colcon_core.package_identification:_identify(src/orbslam3_ros2) by extensions ['ignore', 'ignore_ament_install']
[1.742s] Level 1:colcon.colcon_core.package_identification:_identify(src/orbslam3_ros2) by extension 'ignore'
[1.742s] Level 1:colcon.colcon_core.package_identification:_identify(src/orbslam3_ros2) by extension 'ignore_ament_install'
[1.742s] Level 1:colcon.colcon_core.package_identification:_identify(src/orbslam3_ros2) by extensions ['colcon_pkg']
[1.742s] Level 1:colcon.colcon_core.package_identification:_identify(src/orbslam3_ros2) by extension 'colcon_pkg'
[1.742s] Level 1:colcon.colcon_core.package_identification:_identify(src/orbslam3_ros2) by extensions ['colcon_meta']
[1.742s] Level 1:colcon.colcon_core.package_identification:_identify(src/orbslam3_ros2) by extension 'colcon_meta'
[1.742s] Level 1:colcon.colcon_core.package_identification:_identify(src/orbslam3_ros2) by extensions ['ros']
[1.742s] Level 1:colcon.colcon_core.package_identification:_identify(src/orbslam3_ros2) by extension 'ros'
[1.746s] DEBUG:colcon.colcon_core.package_identification:Package 'src/orbslam3_ros2' with type 'ros.ament_cmake' and name 'orbslam3'
[1.746s] Level 1:colcon.colcon_core.package_discovery:discover_packages(recursive) using defaults
[1.746s] Level 1:colcon.colcon_core.package_discovery:discover_packages(ignore) discover
[1.746s] Level 1:colcon.colcon_core.package_discovery:discover_packages(ignore) using defaults
[1.746s] Level 1:colcon.colcon_core.package_discovery:discover_packages(path) discover
[1.746s] Level 1:colcon.colcon_core.package_discovery:discover_packages(path) using defaults
[1.863s] Level 1:colcon.colcon_core.package_discovery:discover_packages(prefix_path) check parameters
[1.863s] Level 1:colcon.colcon_core.package_discovery:discover_packages(prefix_path) discover
[1.882s] WARNING:colcon.colcon_ros.prefix_path.ament:The path '/home/gina/mei/orbslam_dev/slam/install/orbslam3' in the environment variable AMENT_PREFIX_PATH doesn't exist
[1.882s] WARNING:colcon.colcon_ros.prefix_path.catkin:The path '/home/gina/mei/orbslam_dev/slam/install/orbslam3' in the environment variable CMAKE_PREFIX_PATH doesn't exist
[1.901s] DEBUG:colcon.colcon_installed_package_information.package_discovery:Found 0 installed packages in /home/gina/mei/orbslam_dev/slam/install
[1.919s] DEBUG:colcon.colcon_installed_package_information.package_discovery:Found 11 installed packages in /home/gina/Kudan-VisualSLAM-Software/Ros2-Visual-2.3.0.0-humble/install
[1.939s] DEBUG:colcon.colcon_installed_package_information.package_discovery:Found 358 installed packages in /opt/ros/humble
[1.941s] Level 1:colcon.colcon_core.package_discovery:discover_packages(prefix_path) using defaults
[2.061s] Level 5:colcon.colcon_core.verb:set package 'orbslam3' build argument 'cmake_args' from command line to 'None'
[2.062s] Level 5:colcon.colcon_core.verb:set package 'orbslam3' build argument 'cmake_target' from command line to 'None'
[2.062s] Level 5:colcon.colcon_core.verb:set package 'orbslam3' build argument 'cmake_target_skip_unavailable' from command line to 'False'
[2.062s] Level 5:colcon.colcon_core.verb:set package 'orbslam3' build argument 'cmake_clean_cache' from command line to 'False'
[2.062s] Level 5:colcon.colcon_core.verb:set package 'orbslam3' build argument 'cmake_clean_first' from command line to 'False'
[2.062s] Level 5:colcon.colcon_core.verb:set package 'orbslam3' build argument 'cmake_force_configure' from command line to 'False'
[2.062s] Level 5:colcon.colcon_core.verb:set package 'orbslam3' build argument 'ament_cmake_args' from command line to 'None'
[2.062s] Level 5:colcon.colcon_core.verb:set package 'orbslam3' build argument 'catkin_cmake_args' from command line to 'None'
[2.062s] Level 5:colcon.colcon_core.verb:set package 'orbslam3' build argument 'catkin_skip_building_tests' from command line to 'False'
[2.062s] DEBUG:colcon.colcon_core.verb:Building package 'orbslam3' with the following arguments: {'ament_cmake_args': None, 'build_base': '/home/gina/mei/orbslam_dev/slam/build/orbslam3', 'catkin_cmake_args': None, 'catkin_skip_building_tests': False, 'cmake_args': None, 'cmake_clean_cache': False, 'cmake_clean_first': False, 'cmake_force_configure': False, 'cmake_target': None, 'cmake_target_skip_unavailable': False, 'install_base': '/home/gina/mei/orbslam_dev/slam/install/orbslam3', 'merge_install': False, 'path': '/home/gina/mei/orbslam_dev/slam/src/orbslam3_ros2', 'symlink_install': False, 'test_result_base': None}
[2.080s] INFO:colcon.colcon_core.executor:Executing jobs using 'parallel' executor
[2.099s] DEBUG:colcon.colcon_parallel_executor.executor.parallel:run_until_complete
[2.100s] INFO:colcon.colcon_ros.task.ament_cmake.build:Building ROS package in '/home/gina/mei/orbslam_dev/slam/src/orbslam3_ros2' with build type 'ament_cmake'
[2.100s] INFO:colcon.colcon_cmake.task.cmake.build:Building CMake package in '/home/gina/mei/orbslam_dev/slam/src/orbslam3_ros2'
[2.121s] INFO:colcon.colcon_core.plugin_system:Skipping extension 'colcon_core.shell.bat': Not used on non-Windows systems
[2.121s] INFO:colcon.colcon_core.shell:Skip shell extension 'powershell' for command environment: Not usable outside of PowerShell
[2.121s] DEBUG:colcon.colcon_core.shell:Skip shell extension 'dsv' for command environment
[2.205s] DEBUG:colcon.colcon_core.event_handler.log_command:Invoking command in '/home/gina/mei/orbslam_dev/slam/build/orbslam3': CMAKE_PREFIX_PATH=${CMAKE_PREFIX_PATH}:/opt/ros/humble /usr/bin/cmake /home/gina/mei/orbslam_dev/slam/src/orbslam3_ros2 -DCMAKE_INSTALL_PREFIX=/home/gina/mei/orbslam_dev/slam/install/orbslam3
[4.080s] DEBUG:colcon.colcon_core.event_handler.log_command:Invoked command in '/home/gina/mei/orbslam_dev/slam/build/orbslam3' returned '0': CMAKE_PREFIX_PATH=${CMAKE_PREFIX_PATH}:/opt/ros/humble /usr/bin/cmake /home/gina/mei/orbslam_dev/slam/src/orbslam3_ros2 -DCMAKE_INSTALL_PREFIX=/home/gina/mei/orbslam_dev/slam/install/orbslam3
[4.082s] DEBUG:colcon.colcon_core.event_handler.log_command:Invoking command in '/home/gina/mei/orbslam_dev/slam/build/orbslam3': CMAKE_PREFIX_PATH=${CMAKE_PREFIX_PATH}:/opt/ros/humble /usr/bin/cmake --build /home/gina/mei/orbslam_dev/slam/build/orbslam3 -- -j24 -l24
[35.467s] DEBUG:colcon.colcon_core.event_handler.log_command:Invoked command in '/home/gina/mei/orbslam_dev/slam/build/orbslam3' returned '0': CMAKE_PREFIX_PATH=${CMAKE_PREFIX_PATH}:/opt/ros/humble /usr/bin/cmake --build /home/gina/mei/orbslam_dev/slam/build/orbslam3 -- -j24 -l24
[35.537s] DEBUG:colcon.colcon_core.event_handler.log_command:Invoking command in '/home/gina/mei/orbslam_dev/slam/build/orbslam3': CMAKE_PREFIX_PATH=${CMAKE_PREFIX_PATH}:/opt/ros/humble /usr/bin/cmake --install /home/gina/mei/orbslam_dev/slam/build/orbslam3
[35.573s] Level 1:colcon.colcon_core.environment:create_environment_scripts_only(orbslam3)
[35.573s] DEBUG:colcon.colcon_core.event_handler.log_command:Invoked command in '/home/gina/mei/orbslam_dev/slam/build/orbslam3' returned '0': CMAKE_PREFIX_PATH=${CMAKE_PREFIX_PATH}:/opt/ros/humble /usr/bin/cmake --install /home/gina/mei/orbslam_dev/slam/build/orbslam3
[35.595s] Level 1:colcon.colcon_core.environment:checking '/home/gina/mei/orbslam_dev/slam/install/orbslam3' for CMake module files
[35.595s] Level 1:colcon.colcon_core.environment:checking '/home/gina/mei/orbslam_dev/slam/install/orbslam3' for CMake config files
[35.596s] Level 1:colcon.colcon_core.shell:create_environment_hook('orbslam3', 'cmake_prefix_path')
[35.614s] INFO:colcon.colcon_core.shell:Creating environment hook '/home/gina/mei/orbslam_dev/slam/install/orbslam3/share/orbslam3/hook/cmake_prefix_path.ps1'
[35.615s] INFO:colcon.colcon_core.shell:Creating environment descriptor '/home/gina/mei/orbslam_dev/slam/install/orbslam3/share/orbslam3/hook/cmake_prefix_path.dsv'
[35.615s] INFO:colcon.colcon_core.shell:Creating environment hook '/home/gina/mei/orbslam_dev/slam/install/orbslam3/share/orbslam3/hook/cmake_prefix_path.sh'
[35.616s] Level 1:colcon.colcon_core.environment:checking '/home/gina/mei/orbslam_dev/slam/install/orbslam3/lib'
[35.616s] Level 1:colcon.colcon_core.environment:checking '/home/gina/mei/orbslam_dev/slam/install/orbslam3/bin'
[35.616s] Level 1:colcon.colcon_core.environment:checking '/home/gina/mei/orbslam_dev/slam/install/orbslam3/lib/pkgconfig/orbslam3.pc'
[35.617s] Level 1:colcon.colcon_core.environment:checking '/home/gina/mei/orbslam_dev/slam/install/orbslam3/lib/python3.10/site-packages'
[35.617s] Level 1:colcon.colcon_core.environment:checking '/home/gina/mei/orbslam_dev/slam/install/orbslam3/bin'
[35.636s] INFO:colcon.colcon_core.shell:Creating package script '/home/gina/mei/orbslam_dev/slam/install/orbslam3/share/orbslam3/package.ps1'
[35.637s] INFO:colcon.colcon_core.shell:Creating package descriptor '/home/gina/mei/orbslam_dev/slam/install/orbslam3/share/orbslam3/package.dsv'
[35.637s] INFO:colcon.colcon_core.shell:Creating package script '/home/gina/mei/orbslam_dev/slam/install/orbslam3/share/orbslam3/package.sh'
[35.638s] INFO:colcon.colcon_core.shell:Creating package script '/home/gina/mei/orbslam_dev/slam/install/orbslam3/share/orbslam3/package.bash'
[35.638s] INFO:colcon.colcon_core.shell:Creating package script '/home/gina/mei/orbslam_dev/slam/install/orbslam3/share/orbslam3/package.zsh'
[35.639s] Level 1:colcon.colcon_core.environment:create_file_with_runtime_dependencies(/home/gina/mei/orbslam_dev/slam/install/orbslam3/share/colcon-core/packages/orbslam3)
[35.721s] Level 1:colcon.colcon_core.environment:create_environment_scripts_only(orbslam3)
[35.741s] Level 1:colcon.colcon_core.environment:checking '/home/gina/mei/orbslam_dev/slam/install/orbslam3' for CMake module files
[35.741s] Level 1:colcon.colcon_core.environment:checking '/home/gina/mei/orbslam_dev/slam/install/orbslam3' for CMake config files
[35.741s] Level 1:colcon.colcon_core.shell:create_environment_hook('orbslam3', 'cmake_prefix_path')
[35.760s] INFO:colcon.colcon_core.shell:Creating environment hook '/home/gina/mei/orbslam_dev/slam/install/orbslam3/share/orbslam3/hook/cmake_prefix_path.ps1'
[35.761s] INFO:colcon.colcon_core.shell:Creating environment descriptor '/home/gina/mei/orbslam_dev/slam/install/orbslam3/share/orbslam3/hook/cmake_prefix_path.dsv'
[35.761s] INFO:colcon.colcon_core.shell:Creating environment hook '/home/gina/mei/orbslam_dev/slam/install/orbslam3/share/orbslam3/hook/cmake_prefix_path.sh'
[35.762s] Level 1:colcon.colcon_core.environment:checking '/home/gina/mei/orbslam_dev/slam/install/orbslam3/lib'
[35.762s] Level 1:colcon.colcon_core.environment:checking '/home/gina/mei/orbslam_dev/slam/install/orbslam3/bin'
[35.762s] Level 1:colcon.colcon_core.environment:checking '/home/gina/mei/orbslam_dev/slam/install/orbslam3/lib/pkgconfig/orbslam3.pc'
[35.762s] Level 1:colcon.colcon_core.environment:checking '/home/gina/mei/orbslam_dev/slam/install/orbslam3/lib/python3.10/site-packages'
[35.762s] Level 1:colcon.colcon_core.environment:checking '/home/gina/mei/orbslam_dev/slam/install/orbslam3/bin'
[35.781s] INFO:colcon.colcon_core.shell:Creating package script '/home/gina/mei/orbslam_dev/slam/install/orbslam3/share/orbslam3/package.ps1'
[35.782s] INFO:colcon.colcon_core.shell:Creating package descriptor '/home/gina/mei/orbslam_dev/slam/install/orbslam3/share/orbslam3/package.dsv'
[35.782s] INFO:colcon.colcon_core.shell:Creating package script '/home/gina/mei/orbslam_dev/slam/install/orbslam3/share/orbslam3/package.sh'
[35.782s] INFO:colcon.colcon_core.shell:Creating package script '/home/gina/mei/orbslam_dev/slam/install/orbslam3/share/orbslam3/package.bash'
[35.783s] INFO:colcon.colcon_core.shell:Creating package script '/home/gina/mei/orbslam_dev/slam/install/orbslam3/share/orbslam3/package.zsh'
[35.783s] Level 1:colcon.colcon_core.environment:create_file_with_runtime_dependencies(/home/gina/mei/orbslam_dev/slam/install/orbslam3/share/colcon-core/packages/orbslam3)
[35.783s] DEBUG:colcon.colcon_parallel_executor.executor.parallel:closing loop
[35.784s] DEBUG:colcon.colcon_parallel_executor.executor.parallel:loop closed
[35.784s] DEBUG:colcon.colcon_parallel_executor.executor.parallel:run_until_complete finished with '0'
[35.784s] DEBUG:colcon.colcon_core.event_reactor:joining thread
[35.885s] INFO:colcon.colcon_core.plugin_system:Skipping extension 'colcon_notification.desktop_notification.terminal_notifier': Not used on non-Darwin systems
[35.885s] INFO:colcon.colcon_core.plugin_system:Skipping extension 'colcon_notification.desktop_notification.win32': Not used on non-Windows systems
[35.886s] INFO:colcon.colcon_notification.desktop_notification:Sending desktop notification using 'notify2'
[35.898s] DEBUG:colcon.colcon_core.event_reactor:joined thread
[35.917s] INFO:colcon.colcon_core.shell:Creating prefix script '/home/gina/mei/orbslam_dev/slam/install/local_setup.ps1'
[35.918s] INFO:colcon.colcon_core.shell:Creating prefix util module '/home/gina/mei/orbslam_dev/slam/install/_local_setup_util_ps1.py'
[35.919s] INFO:colcon.colcon_core.shell:Creating prefix chain script '/home/gina/mei/orbslam_dev/slam/install/setup.ps1'
[35.942s] INFO:colcon.colcon_core.shell:Creating prefix script '/home/gina/mei/orbslam_dev/slam/install/local_setup.sh'
[35.942s] INFO:colcon.colcon_core.shell:Creating prefix util module '/home/gina/mei/orbslam_dev/slam/install/_local_setup_util_sh.py'
[35.943s] INFO:colcon.colcon_core.shell:Creating prefix chain script '/home/gina/mei/orbslam_dev/slam/install/setup.sh'
[35.963s] INFO:colcon.colcon_core.shell:Creating prefix script '/home/gina/mei/orbslam_dev/slam/install/local_setup.bash'
[35.963s] INFO:colcon.colcon_core.shell:Creating prefix chain script '/home/gina/mei/orbslam_dev/slam/install/setup.bash'
[35.984s] INFO:colcon.colcon_core.shell:Creating prefix script '/home/gina/mei/orbslam_dev/slam/install/local_setup.zsh'
[35.984s] INFO:colcon.colcon_core.shell:Creating prefix chain script '/home/gina/mei/orbslam_dev/slam/install/setup.zsh'
