[ 16%] [32m[1mLinking CXX executable stereo-inertial[0m
[ 25%] [32m[1mLinking CXX executable mono[0m
[ 16%] [32m[1mLinking CXX executable stereo[0m
[ 33%] [32m[1mLinking CXX executable rgbd[0m
[ 50%] Built target mono
[ 66%] Built target rgbd
[ 83%] Built target stereo
[100%] Built target stereo-inertial
-- Install configuration: ""
-- Execute custom install script
-- Symlinking: /home/gina/mei/slam/install/orbslam3/lib/orbslam3/mono
-- Symlinking: /home/gina/mei/slam/install/orbslam3/lib/orbslam3/rgbd
-- Symlinking: /home/gina/mei/slam/install/orbslam3/lib/orbslam3/stereo
-- Symlinking: /home/gina/mei/slam/install/orbslam3/lib/orbslam3/stereo-inertial
-- Symlinking: /home/gina/mei/slam/install/orbslam3/share/ament_index/resource_index/package_run_dependencies/orbslam3
-- Symlinking: /home/gina/mei/slam/install/orbslam3/share/ament_index/resource_index/parent_prefix_path/orbslam3
-- Symlinking: /home/gina/mei/slam/install/orbslam3/share/orbslam3/environment/ament_prefix_path.sh
-- Symlinking: /home/gina/mei/slam/install/orbslam3/share/orbslam3/environment/ament_prefix_path.dsv
-- Symlinking: /home/gina/mei/slam/install/orbslam3/share/orbslam3/environment/path.sh
-- Symlinking: /home/gina/mei/slam/install/orbslam3/share/orbslam3/environment/path.dsv
-- Symlinking: /home/gina/mei/slam/install/orbslam3/share/orbslam3/local_setup.bash
-- Symlinking: /home/gina/mei/slam/install/orbslam3/share/orbslam3/local_setup.sh
-- Symlinking: /home/gina/mei/slam/install/orbslam3/share/orbslam3/local_setup.zsh
-- Symlinking: /home/gina/mei/slam/install/orbslam3/share/orbslam3/local_setup.dsv
-- Symlinking: /home/gina/mei/slam/install/orbslam3/share/orbslam3/package.dsv
-- Symlinking: /home/gina/mei/slam/install/orbslam3/share/ament_index/resource_index/packages/orbslam3
-- Symlinking: /home/gina/mei/slam/install/orbslam3/share/orbslam3/cmake/orbslam3Config.cmake
-- Symlinking: /home/gina/mei/slam/install/orbslam3/share/orbslam3/cmake/orbslam3Config-version.cmake
-- Symlinking: /home/gina/mei/slam/install/orbslam3/share/orbslam3/package.xml
