[1.633s] DEBUG:colcon:Command line arguments: ['/usr/bin/colcon', 'build', '--packages-select', 'orbslam3']
[1.633s] DEBUG:colcon:Parsed command line arguments: Namespace(log_base=None, log_level=None, verb_name='build', build_base='build', install_base='install', merge_install=False, symlink_install=False, test_result_base=None, continue_on_error=False, executor='parallel', parallel_workers=24, event_handlers=None, ignore_user_meta=False, metas=['./colcon.meta'], base_paths=['.'], packages_ignore=None, packages_ignore_regex=None, paths=None, packages_up_to=None, packages_up_to_regex=None, packages_above=None, packages_above_and_dependencies=None, packages_above_depth=None, packages_select_by_dep=None, packages_skip_by_dep=None, packages_skip_up_to=None, packages_select_build_failed=False, packages_skip_build_finished=False, packages_select_test_failures=False, packages_skip_test_passed=False, packages_select=['orbslam3'], packages_skip=None, packages_select_regex=None, packages_skip_regex=None, packages_start=None, packages_end=None, allow_overriding=[], cmake_args=None, cmake_target=None, cmake_target_skip_unavailable=False, cmake_clean_cache=False, cmake_clean_first=False, cmake_force_configure=False, ament_cmake_args=None, catkin_cmake_args=None, catkin_skip_building_tests=False, mixin_files=None, mixin=None, verb_parser=<colcon_mixin.mixin.mixin_argument.MixinArgumentDecorator object at 0x7f2420716350>, verb_extension=<colcon_core.verb.build.BuildVerb object at 0x7f242084dfc0>, main=<bound method BuildVerb.main of <colcon_core.verb.build.BuildVerb object at 0x7f242084dfc0>>, mixin_verb=('build',))
[1.698s] Level 1:colcon.colcon_core.package_discovery:discover_packages(colcon_meta) check parameters
[1.698s] Level 1:colcon.colcon_core.package_discovery:discover_packages(recursive) check parameters
[1.698s] Level 1:colcon.colcon_core.package_discovery:discover_packages(ignore) check parameters
[1.699s] Level 1:colcon.colcon_core.package_discovery:discover_packages(path) check parameters
[1.699s] Level 1:colcon.colcon_core.package_discovery:discover_packages(colcon_meta) discover
[1.699s] Level 1:colcon.colcon_core.package_discovery:discover_packages(recursive) discover
[1.699s] INFO:colcon.colcon_core.package_discovery:Crawling recursively for packages in '/home/gina/mei/slam'
[1.699s] Level 1:colcon.colcon_core.package_identification:_identify(.) by extensions ['ignore', 'ignore_ament_install']
[1.699s] Level 1:colcon.colcon_core.package_identification:_identify(.) by extension 'ignore'
[1.699s] Level 1:colcon.colcon_core.package_identification:_identify(.) by extension 'ignore_ament_install'
[1.699s] Level 1:colcon.colcon_core.package_identification:_identify(.) by extensions ['colcon_pkg']
[1.699s] Level 1:colcon.colcon_core.package_identification:_identify(.) by extension 'colcon_pkg'
[1.699s] Level 1:colcon.colcon_core.package_identification:_identify(.) by extensions ['colcon_meta']
[1.699s] Level 1:colcon.colcon_core.package_identification:_identify(.) by extension 'colcon_meta'
[1.699s] Level 1:colcon.colcon_core.package_identification:_identify(.) by extensions ['ros']
[1.699s] Level 1:colcon.colcon_core.package_identification:_identify(.) by extension 'ros'
[1.713s] Level 1:colcon.colcon_core.package_identification:_identify(.) by extensions ['cmake', 'python']
[1.713s] Level 1:colcon.colcon_core.package_identification:_identify(.) by extension 'cmake'
[1.713s] Level 1:colcon.colcon_core.package_identification:_identify(.) by extension 'python'
[1.713s] Level 1:colcon.colcon_core.package_identification:_identify(.) by extensions ['python_setup_py']
[1.713s] Level 1:colcon.colcon_core.package_identification:_identify(.) by extension 'python_setup_py'
[1.714s] Level 1:colcon.colcon_core.package_identification:_identify(build) by extensions ['ignore', 'ignore_ament_install']
[1.714s] Level 1:colcon.colcon_core.package_identification:_identify(build) by extension 'ignore'
[1.714s] Level 1:colcon.colcon_core.package_identification:_identify(build) ignored
[1.714s] Level 1:colcon.colcon_core.package_identification:_identify(install) by extensions ['ignore', 'ignore_ament_install']
[1.714s] Level 1:colcon.colcon_core.package_identification:_identify(install) by extension 'ignore'
[1.714s] Level 1:colcon.colcon_core.package_identification:_identify(install) ignored
[1.714s] Level 1:colcon.colcon_core.package_identification:_identify(log) by extensions ['ignore', 'ignore_ament_install']
[1.714s] Level 1:colcon.colcon_core.package_identification:_identify(log) by extension 'ignore'
[1.714s] Level 1:colcon.colcon_core.package_identification:_identify(log) ignored
[1.714s] Level 1:colcon.colcon_core.package_identification:_identify(src) by extensions ['ignore', 'ignore_ament_install']
[1.714s] Level 1:colcon.colcon_core.package_identification:_identify(src) by extension 'ignore'
[1.714s] Level 1:colcon.colcon_core.package_identification:_identify(src) by extension 'ignore_ament_install'
[1.715s] Level 1:colcon.colcon_core.package_identification:_identify(src) by extensions ['colcon_pkg']
[1.715s] Level 1:colcon.colcon_core.package_identification:_identify(src) by extension 'colcon_pkg'
[1.715s] Level 1:colcon.colcon_core.package_identification:_identify(src) by extensions ['colcon_meta']
[1.715s] Level 1:colcon.colcon_core.package_identification:_identify(src) by extension 'colcon_meta'
[1.715s] Level 1:colcon.colcon_core.package_identification:_identify(src) by extensions ['ros']
[1.715s] Level 1:colcon.colcon_core.package_identification:_identify(src) by extension 'ros'
[1.715s] Level 1:colcon.colcon_core.package_identification:_identify(src) by extensions ['cmake', 'python']
[1.715s] Level 1:colcon.colcon_core.package_identification:_identify(src) by extension 'cmake'
[1.715s] Level 1:colcon.colcon_core.package_identification:_identify(src) by extension 'python'
[1.715s] Level 1:colcon.colcon_core.package_identification:_identify(src) by extensions ['python_setup_py']
[1.715s] Level 1:colcon.colcon_core.package_identification:_identify(src) by extension 'python_setup_py'
[1.715s] Level 1:colcon.colcon_core.package_identification:_identify(src/orbslam3_ros2) by extensions ['ignore', 'ignore_ament_install']
[1.715s] Level 1:colcon.colcon_core.package_identification:_identify(src/orbslam3_ros2) by extension 'ignore'
[1.715s] Level 1:colcon.colcon_core.package_identification:_identify(src/orbslam3_ros2) by extension 'ignore_ament_install'
[1.715s] Level 1:colcon.colcon_core.package_identification:_identify(src/orbslam3_ros2) by extensions ['colcon_pkg']
[1.715s] Level 1:colcon.colcon_core.package_identification:_identify(src/orbslam3_ros2) by extension 'colcon_pkg'
[1.715s] Level 1:colcon.colcon_core.package_identification:_identify(src/orbslam3_ros2) by extensions ['colcon_meta']
[1.715s] Level 1:colcon.colcon_core.package_identification:_identify(src/orbslam3_ros2) by extension 'colcon_meta'
[1.715s] Level 1:colcon.colcon_core.package_identification:_identify(src/orbslam3_ros2) by extensions ['ros']
[1.715s] Level 1:colcon.colcon_core.package_identification:_identify(src/orbslam3_ros2) by extension 'ros'
[1.719s] DEBUG:colcon.colcon_core.package_identification:Package 'src/orbslam3_ros2' with type 'ros.ament_cmake' and name 'orbslam3'
[1.719s] Level 1:colcon.colcon_core.package_discovery:discover_packages(recursive) using defaults
[1.719s] Level 1:colcon.colcon_core.package_discovery:discover_packages(ignore) discover
[1.719s] Level 1:colcon.colcon_core.package_discovery:discover_packages(ignore) using defaults
[1.719s] Level 1:colcon.colcon_core.package_discovery:discover_packages(path) discover
[1.719s] Level 1:colcon.colcon_core.package_discovery:discover_packages(path) using defaults
[1.837s] Level 1:colcon.colcon_core.package_discovery:discover_packages(prefix_path) check parameters
[1.837s] Level 1:colcon.colcon_core.package_discovery:discover_packages(prefix_path) discover
[1.874s] DEBUG:colcon.colcon_installed_package_information.package_discovery:Found 1 installed packages in /home/gina/mei/slam/install
[1.893s] DEBUG:colcon.colcon_installed_package_information.package_discovery:Found 358 installed packages in /opt/ros/humble
[1.895s] Level 1:colcon.colcon_core.package_discovery:discover_packages(prefix_path) using defaults
[2.013s] Level 5:colcon.colcon_core.verb:set package 'orbslam3' build argument 'cmake_args' from command line to 'None'
[2.013s] Level 5:colcon.colcon_core.verb:set package 'orbslam3' build argument 'cmake_target' from command line to 'None'
[2.013s] Level 5:colcon.colcon_core.verb:set package 'orbslam3' build argument 'cmake_target_skip_unavailable' from command line to 'False'
[2.013s] Level 5:colcon.colcon_core.verb:set package 'orbslam3' build argument 'cmake_clean_cache' from command line to 'False'
[2.013s] Level 5:colcon.colcon_core.verb:set package 'orbslam3' build argument 'cmake_clean_first' from command line to 'False'
[2.013s] Level 5:colcon.colcon_core.verb:set package 'orbslam3' build argument 'cmake_force_configure' from command line to 'False'
[2.013s] Level 5:colcon.colcon_core.verb:set package 'orbslam3' build argument 'ament_cmake_args' from command line to 'None'
[2.013s] Level 5:colcon.colcon_core.verb:set package 'orbslam3' build argument 'catkin_cmake_args' from command line to 'None'
[2.013s] Level 5:colcon.colcon_core.verb:set package 'orbslam3' build argument 'catkin_skip_building_tests' from command line to 'False'
[2.013s] DEBUG:colcon.colcon_core.verb:Building package 'orbslam3' with the following arguments: {'ament_cmake_args': None, 'build_base': '/home/gina/mei/slam/build/orbslam3', 'catkin_cmake_args': None, 'catkin_skip_building_tests': False, 'cmake_args': None, 'cmake_clean_cache': False, 'cmake_clean_first': False, 'cmake_force_configure': False, 'cmake_target': None, 'cmake_target_skip_unavailable': False, 'install_base': '/home/gina/mei/slam/install/orbslam3', 'merge_install': False, 'path': '/home/gina/mei/slam/src/orbslam3_ros2', 'symlink_install': False, 'test_result_base': None}
[2.031s] INFO:colcon.colcon_core.executor:Executing jobs using 'parallel' executor
[2.050s] DEBUG:colcon.colcon_parallel_executor.executor.parallel:run_until_complete
[2.050s] INFO:colcon.colcon_ros.task.ament_cmake.build:Building ROS package in '/home/gina/mei/slam/src/orbslam3_ros2' with build type 'ament_cmake'
[2.051s] INFO:colcon.colcon_cmake.task.cmake.build:Building CMake package in '/home/gina/mei/slam/src/orbslam3_ros2'
[2.071s] INFO:colcon.colcon_core.plugin_system:Skipping extension 'colcon_core.shell.bat': Not used on non-Windows systems
[2.071s] INFO:colcon.colcon_core.shell:Skip shell extension 'powershell' for command environment: Not usable outside of PowerShell
[2.071s] DEBUG:colcon.colcon_core.shell:Skip shell extension 'dsv' for command environment
[2.135s] DEBUG:colcon.colcon_core.event_handler.log_command:Invoking command in '/home/gina/mei/slam/build/orbslam3': CMAKE_PREFIX_PATH=${CMAKE_PREFIX_PATH}:/opt/ros/humble /usr/bin/cmake --build /home/gina/mei/slam/build/orbslam3 -- -j24 -l24
[19.617s] DEBUG:colcon.colcon_core.event_handler.log_command:Invoked command in '/home/gina/mei/slam/build/orbslam3' returned '2': CMAKE_PREFIX_PATH=${CMAKE_PREFIX_PATH}:/opt/ros/humble /usr/bin/cmake --build /home/gina/mei/slam/build/orbslam3 -- -j24 -l24
[19.686s] Level 1:colcon.colcon_core.environment:create_environment_scripts_only(orbslam3)
[19.706s] Level 1:colcon.colcon_core.environment:checking '/home/gina/mei/slam/install/orbslam3' for CMake module files
[19.706s] Level 1:colcon.colcon_core.environment:checking '/home/gina/mei/slam/install/orbslam3' for CMake config files
[19.707s] Level 1:colcon.colcon_core.shell:create_environment_hook('orbslam3', 'cmake_prefix_path')
[19.725s] INFO:colcon.colcon_core.shell:Creating environment hook '/home/gina/mei/slam/install/orbslam3/share/orbslam3/hook/cmake_prefix_path.ps1'
[19.726s] INFO:colcon.colcon_core.shell:Creating environment descriptor '/home/gina/mei/slam/install/orbslam3/share/orbslam3/hook/cmake_prefix_path.dsv'
[19.727s] INFO:colcon.colcon_core.shell:Creating environment hook '/home/gina/mei/slam/install/orbslam3/share/orbslam3/hook/cmake_prefix_path.sh'
[19.727s] Level 1:colcon.colcon_core.environment:checking '/home/gina/mei/slam/install/orbslam3/lib'
[19.728s] Level 1:colcon.colcon_core.environment:checking '/home/gina/mei/slam/install/orbslam3/bin'
[19.728s] Level 1:colcon.colcon_core.environment:checking '/home/gina/mei/slam/install/orbslam3/lib/pkgconfig/orbslam3.pc'
[19.728s] Level 1:colcon.colcon_core.environment:checking '/home/gina/mei/slam/install/orbslam3/lib/python3.10/site-packages'
[19.728s] Level 1:colcon.colcon_core.environment:checking '/home/gina/mei/slam/install/orbslam3/bin'
[19.747s] INFO:colcon.colcon_core.shell:Creating package script '/home/gina/mei/slam/install/orbslam3/share/orbslam3/package.ps1'
[19.748s] INFO:colcon.colcon_core.shell:Creating package descriptor '/home/gina/mei/slam/install/orbslam3/share/orbslam3/package.dsv'
[19.748s] INFO:colcon.colcon_core.shell:Creating package script '/home/gina/mei/slam/install/orbslam3/share/orbslam3/package.sh'
[19.749s] INFO:colcon.colcon_core.shell:Creating package script '/home/gina/mei/slam/install/orbslam3/share/orbslam3/package.bash'
[19.750s] INFO:colcon.colcon_core.shell:Creating package script '/home/gina/mei/slam/install/orbslam3/share/orbslam3/package.zsh'
[19.751s] Level 1:colcon.colcon_core.environment:create_file_with_runtime_dependencies(/home/gina/mei/slam/install/orbslam3/share/colcon-core/packages/orbslam3)
[19.761s] DEBUG:colcon.colcon_parallel_executor.executor.parallel:closing loop
[19.761s] DEBUG:colcon.colcon_parallel_executor.executor.parallel:loop closed
[19.761s] DEBUG:colcon.colcon_parallel_executor.executor.parallel:run_until_complete finished with '2'
[19.761s] DEBUG:colcon.colcon_core.event_reactor:joining thread
[19.808s] INFO:colcon.colcon_core.plugin_system:Skipping extension 'colcon_notification.desktop_notification.terminal_notifier': Not used on non-Darwin systems
[19.808s] INFO:colcon.colcon_core.plugin_system:Skipping extension 'colcon_notification.desktop_notification.win32': Not used on non-Windows systems
[19.808s] INFO:colcon.colcon_notification.desktop_notification:Sending desktop notification using 'notify2'
[19.822s] DEBUG:colcon.colcon_core.event_reactor:joined thread
[19.841s] INFO:colcon.colcon_core.shell:Creating prefix script '/home/gina/mei/slam/install/local_setup.ps1'
[19.842s] INFO:colcon.colcon_core.shell:Creating prefix util module '/home/gina/mei/slam/install/_local_setup_util_ps1.py'
[19.844s] INFO:colcon.colcon_core.shell:Creating prefix chain script '/home/gina/mei/slam/install/setup.ps1'
[19.864s] INFO:colcon.colcon_core.shell:Creating prefix script '/home/gina/mei/slam/install/local_setup.sh'
[19.864s] INFO:colcon.colcon_core.shell:Creating prefix util module '/home/gina/mei/slam/install/_local_setup_util_sh.py'
[19.865s] INFO:colcon.colcon_core.shell:Creating prefix chain script '/home/gina/mei/slam/install/setup.sh'
[19.885s] INFO:colcon.colcon_core.shell:Creating prefix script '/home/gina/mei/slam/install/local_setup.bash'
[19.886s] INFO:colcon.colcon_core.shell:Creating prefix chain script '/home/gina/mei/slam/install/setup.bash'
[19.905s] INFO:colcon.colcon_core.shell:Creating prefix script '/home/gina/mei/slam/install/local_setup.zsh'
[19.905s] INFO:colcon.colcon_core.shell:Creating prefix chain script '/home/gina/mei/slam/install/setup.zsh'
