[0.089s] Invoking command in '/home/gina/mei/slam/build/orbslam3': CMAKE_PREFIX_PATH=${CMAKE_PREFIX_PATH}:/opt/ros/humble /usr/bin/cmake --build /home/gina/mei/slam/build/orbslam3 -- -j24 -l24
[0.185s] [  8%] [32m[1mLinking CXX executable stereo-inertial[0m
[0.185s] [ 16%] [32m[1mLinking CXX executable mono[0m
[0.185s] [ 33%] [32m[1mLinking CXX executable stereo[0m
[0.185s] [ 33%] [32m[1mLinking CXX executable rgbd[0m
[1.292s] [ 50%] Built target mono
[1.401s] [ 66%] Built target rgbd
[1.410s] [ 83%] Built target stereo
[1.534s] [100%] Built target stereo-inertial
[1.546s] Invoked command in '/home/gina/mei/slam/build/orbslam3' returned '0': CMAKE_PREFIX_PATH=${CMAKE_PREFIX_PATH}:/opt/ros/humble /usr/bin/cmake --build /home/gina/mei/slam/build/orbslam3 -- -j24 -l24
[1.599s] Invoking command in '/home/gina/mei/slam/build/orbslam3': CMAKE_PREFIX_PATH=${CMAKE_PREFIX_PATH}:/opt/ros/humble /usr/bin/cmake --install /home/gina/mei/slam/build/orbslam3
[1.607s] -- Install configuration: ""
[1.611s] -- Execute custom install script
[1.612s] -- Up-to-date symlink: /home/gina/mei/slam/install/orbslam3/lib/orbslam3/mono
[1.612s] -- Up-to-date symlink: /home/gina/mei/slam/install/orbslam3/lib/orbslam3/rgbd
[1.613s] -- Up-to-date symlink: /home/gina/mei/slam/install/orbslam3/lib/orbslam3/stereo
[1.614s] -- Up-to-date symlink: /home/gina/mei/slam/install/orbslam3/lib/orbslam3/stereo-inertial
[1.614s] -- Up-to-date symlink: /home/gina/mei/slam/install/orbslam3/share/ament_index/resource_index/package_run_dependencies/orbslam3
[1.614s] -- Up-to-date symlink: /home/gina/mei/slam/install/orbslam3/share/ament_index/resource_index/parent_prefix_path/orbslam3
[1.615s] -- Up-to-date symlink: /home/gina/mei/slam/install/orbslam3/share/orbslam3/environment/ament_prefix_path.sh
[1.615s] -- Up-to-date symlink: /home/gina/mei/slam/install/orbslam3/share/orbslam3/environment/ament_prefix_path.dsv
[1.615s] -- Up-to-date symlink: /home/gina/mei/slam/install/orbslam3/share/orbslam3/environment/path.sh
[1.615s] -- Up-to-date symlink: /home/gina/mei/slam/install/orbslam3/share/orbslam3/environment/path.dsv
[1.615s] -- Up-to-date symlink: /home/gina/mei/slam/install/orbslam3/share/orbslam3/local_setup.bash
[1.615s] -- Up-to-date symlink: /home/gina/mei/slam/install/orbslam3/share/orbslam3/local_setup.sh
[1.616s] -- Up-to-date symlink: /home/gina/mei/slam/install/orbslam3/share/orbslam3/local_setup.zsh
[1.616s] -- Up-to-date symlink: /home/gina/mei/slam/install/orbslam3/share/orbslam3/local_setup.dsv
[1.616s] -- Symlinking: /home/gina/mei/slam/install/orbslam3/share/orbslam3/package.dsv
[1.627s] -- Up-to-date symlink: /home/gina/mei/slam/install/orbslam3/share/ament_index/resource_index/packages/orbslam3
[1.627s] -- Up-to-date symlink: /home/gina/mei/slam/install/orbslam3/share/orbslam3/cmake/orbslam3Config.cmake
[1.627s] -- Up-to-date symlink: /home/gina/mei/slam/install/orbslam3/share/orbslam3/cmake/orbslam3Config-version.cmake
[1.627s] -- Up-to-date symlink: /home/gina/mei/slam/install/orbslam3/share/orbslam3/package.xml
[1.630s] Invoked command in '/home/gina/mei/slam/build/orbslam3' returned '0': CMAKE_PREFIX_PATH=${CMAKE_PREFIX_PATH}:/opt/ros/humble /usr/bin/cmake --install /home/gina/mei/slam/build/orbslam3
